0 verbose cli /usr/local/bin/node /usr/local/bin/npm
1 info using npm@10.9.0
2 info using node@v22.11.0
3 silly config load:file:/usr/local/lib/node_modules/npm/npmrc
4 silly config load:file:/Users/fahadghouri/Desktop/Developer/code/ourprojects/Solana_StableCoin_collosseum-dsc/frontend/.npmrc
5 silly config load:file:/Users/fahadghouri/.npmrc
6 silly config load:file:/usr/local/etc/npmrc
7 verbose title npm i @solana/wallet-adapter-wallets
8 verbose argv "i" "@solana/wallet-adapter-wallets"
9 verbose logfile logs-max:10 dir:/Users/fahadghouri/Desktop/Developer/code/ourprojects/Solana_StableCoin_collosseum-dsc/frontend/npm-cache/_logs/2025-10-30T19_22_58_009Z-
10 verbose logfile /Users/fahadghouri/Desktop/Developer/code/ourprojects/Solana_StableCoin_collosseum-dsc/frontend/npm-cache/_logs/2025-10-30T19_22_58_009Z-debug-0.log
11 silly logfile done cleaning log files
12 silly packumentCache heap:2197815296 maxSize:549453824 maxEntrySize:274726912
13 silly idealTree buildDeps
14 silly fetch manifest @solana/wallet-adapter-wallets@^0.19.37
15 silly packumentCache full:https://registry.npmjs.org/@solana%2fwallet-adapter-wallets cache-miss
16 http fetch GET 200 https://registry.npmjs.org/npm 1004ms
17 http fetch GET 200 https://registry.npmjs.org/@solana%2fwallet-adapter-wallets 1346ms (cache miss)
18 silly packumentCache full:https://registry.npmjs.org/@solana%2fwallet-adapter-wallets set size:undefined disposed:false
19 silly fetch manifest @solana/web3.js@^1.94.0
20 silly packumentCache full:https://registry.npmjs.org/@solana%2fweb3.js cache-miss
21 http fetch GET 200 https://registry.npmjs.org/@solana%2fweb3.js 481ms (cache miss)
22 silly packumentCache full:https://registry.npmjs.org/@solana%2fweb3.js set size:undefined disposed:false
23 silly placeDep ROOT @solana/wallet-adapter-wallets@0.19.37 REPLACE for: nextjs-solana-overbid@0.1.0 want: ^0.19.37
24 silly fetch manifest react@^15.5.3 || ^16.0.0 || ^17.0.0
25 silly packumentCache full:https://registry.npmjs.org/react cache-miss
26 http fetch GET 200 https://registry.npmjs.org/react 551ms (cache miss)
27 silly packumentCache full:https://registry.npmjs.org/react set size:undefined disposed:false
28 warn ERESOLVE overriding peer dependency {
28 warn ERESOLVE   code: 'ERESOLVE',
28 warn ERESOLVE   edge: {
28 warn ERESOLVE     type: 'peer',
28 warn ERESOLVE     name: 'react',
28 warn ERESOLVE     spec: '^15.5.3 || ^16.0.0 || ^17.0.0',
28 warn ERESOLVE     error: 'INVALID',
28 warn ERESOLVE     from: {
28 warn ERESOLVE       name: 'qrcode.react',
28 warn ERESOLVE       version: '1.0.1',
28 warn ERESOLVE       location: 'node_modules/@keystonehq/sdk/node_modules/qrcode.react',
28 warn ERESOLVE       isWorkspace: false,
28 warn ERESOLVE       dependents: [Array]
28 warn ERESOLVE     }
28 warn ERESOLVE   },
28 warn ERESOLVE   dep: {
28 warn ERESOLVE     name: 'react',
28 warn ERESOLVE     version: '17.0.2',
28 warn ERESOLVE     whileInstalling: {
28 warn ERESOLVE       name: 'qrcode.react',
28 warn ERESOLVE       version: '1.0.1',
28 warn ERESOLVE       path: '/Users/fahadghouri/Desktop/Developer/code/ourprojects/Solana_StableCoin_collosseum-dsc/frontend/node_modules/@keystonehq/sdk/node_modules/qrcode.react'
28 warn ERESOLVE     },
28 warn ERESOLVE     location: 'node_modules/react',
28 warn ERESOLVE     isWorkspace: false,
28 warn ERESOLVE     dependents: [ [Object] ]
28 warn ERESOLVE   },
28 warn ERESOLVE   force: false,
28 warn ERESOLVE   isMine: false,
28 warn ERESOLVE   strictPeerDeps: false,
28 warn ERESOLVE   current: {
28 warn ERESOLVE     name: 'react',
28 warn ERESOLVE     version: '18.3.1',
28 warn ERESOLVE     location: 'node_modules/react',
28 warn ERESOLVE     isWorkspace: false,
28 warn ERESOLVE     dependents: [
28 warn ERESOLVE       [Object], [Object], [Object], [Object], [Object],
28 warn ERESOLVE       [Object], [Object], [Object], [Object], [Object],
28 warn ERESOLVE       [Object], [Object], [Object], [Object], [Object],
28 warn ERESOLVE       [Object], [Object], [Object], [Object], [Object],
28 warn ERESOLVE       [Object], [Object], [Object], [Object], [Object],
28 warn ERESOLVE       [Object], [Object], [Object], [Object], [Object],
28 warn ERESOLVE       [Object], [Object], [Object], [Object], [Object],
28 warn ERESOLVE       [Object], [Object], [Object], [Object], [Object],
28 warn ERESOLVE       [Object], [Object], [Object], [Object], [Object],
28 warn ERESOLVE       [Object], [Object], [Object], [Object], [Object],
28 warn ERESOLVE       [Object], [Object], [Object], [Object], [Object],
28 warn ERESOLVE       [Object], [Object]
28 warn ERESOLVE     ]
28 warn ERESOLVE   },
28 warn ERESOLVE   peerConflict: {
28 warn ERESOLVE     current: {
28 warn ERESOLVE       name: 'react',
28 warn ERESOLVE       version: '18.3.1',
28 warn ERESOLVE       location: 'node_modules/react',
28 warn ERESOLVE       isWorkspace: false,
28 warn ERESOLVE       dependents: [Array]
28 warn ERESOLVE     },
28 warn ERESOLVE     peer: {
28 warn ERESOLVE       name: 'react',
28 warn ERESOLVE       version: '17.0.2',
28 warn ERESOLVE       whileInstalling: [Object],
28 warn ERESOLVE       location: 'node_modules/react',
28 warn ERESOLVE       isWorkspace: false,
28 warn ERESOLVE       dependents: [Array]
28 warn ERESOLVE     }
28 warn ERESOLVE   }
28 warn ERESOLVE }
29 silly fetch manifest react@~16
30 silly packumentCache full:https://registry.npmjs.org/react cache-miss
31 http fetch GET 200 https://registry.npmjs.org/react 23ms (cache hit)
32 silly packumentCache full:https://registry.npmjs.org/react set size:6212761 disposed:false
33 silly fetch manifest react-dom@~16
34 silly packumentCache full:https://registry.npmjs.org/react-dom cache-miss
35 http fetch GET 200 https://registry.npmjs.org/react-dom 488ms (cache miss)
36 silly packumentCache full:https://registry.npmjs.org/react-dom set size:undefined disposed:false
37 warn ERESOLVE overriding peer dependency {
37 warn ERESOLVE   code: 'ERESOLVE',
37 warn ERESOLVE   edge: {
37 warn ERESOLVE     type: 'peer',
37 warn ERESOLVE     name: 'react',
37 warn ERESOLVE     spec: '~16',
37 warn ERESOLVE     error: 'INVALID',
37 warn ERESOLVE     from: {
37 warn ERESOLVE       name: 'react-qr-reader',
37 warn ERESOLVE       version: '2.2.1',
37 warn ERESOLVE       location: 'node_modules/@keystonehq/sdk/node_modules/react-qr-reader',
37 warn ERESOLVE       isWorkspace: false,
37 warn ERESOLVE       dependents: [Array]
37 warn ERESOLVE     }
37 warn ERESOLVE   },
37 warn ERESOLVE   dep: {
37 warn ERESOLVE     name: 'react',
37 warn ERESOLVE     version: '16.14.0',
37 warn ERESOLVE     whileInstalling: {
37 warn ERESOLVE       name: 'react-qr-reader',
37 warn ERESOLVE       version: '2.2.1',
37 warn ERESOLVE       path: '/Users/fahadghouri/Desktop/Developer/code/ourprojects/Solana_StableCoin_collosseum-dsc/frontend/node_modules/@keystonehq/sdk/node_modules/react-qr-reader'
37 warn ERESOLVE     },
37 warn ERESOLVE     location: 'node_modules/react',
37 warn ERESOLVE     isWorkspace: false,
37 warn ERESOLVE     dependents: [ [Object] ]
37 warn ERESOLVE   },
37 warn ERESOLVE   force: false,
37 warn ERESOLVE   isMine: false,
37 warn ERESOLVE   strictPeerDeps: false,
37 warn ERESOLVE   current: {
37 warn ERESOLVE     name: 'react',
37 warn ERESOLVE     version: '18.3.1',
37 warn ERESOLVE     location: 'node_modules/react',
37 warn ERESOLVE     isWorkspace: false,
37 warn ERESOLVE     dependents: [
37 warn ERESOLVE       [Object], [Object], [Object], [Object], [Object],
37 warn ERESOLVE       [Object], [Object], [Object], [Object], [Object],
37 warn ERESOLVE       [Object], [Object], [Object], [Object], [Object],
37 warn ERESOLVE       [Object], [Object], [Object], [Object], [Object],
37 warn ERESOLVE       [Object], [Object], [Object], [Object], [Object],
37 warn ERESOLVE       [Object], [Object], [Object], [Object], [Object],
37 warn ERESOLVE       [Object], [Object], [Object], [Object], [Object],
37 warn ERESOLVE       [Object], [Object], [Object], [Object], [Object],
37 warn ERESOLVE       [Object], [Object], [Object], [Object], [Object],
37 warn ERESOLVE       [Object], [Object], [Object], [Object], [Object],
37 warn ERESOLVE       [Object], [Object], [Object], [Object], [Object],
37 warn ERESOLVE       [Object], [Object]
37 warn ERESOLVE     ]
37 warn ERESOLVE   },
37 warn ERESOLVE   peerConflict: {
37 warn ERESOLVE     current: {
37 warn ERESOLVE       name: 'react',
37 warn ERESOLVE       version: '18.3.1',
37 warn ERESOLVE       location: 'node_modules/react',
37 warn ERESOLVE       isWorkspace: false,
37 warn ERESOLVE       dependents: [Array]
37 warn ERESOLVE     },
37 warn ERESOLVE     peer: {
37 warn ERESOLVE       name: 'react',
37 warn ERESOLVE       version: '16.14.0',
37 warn ERESOLVE       whileInstalling: [Object],
37 warn ERESOLVE       location: 'node_modules/react',
37 warn ERESOLVE       isWorkspace: false,
37 warn ERESOLVE       dependents: [Array]
37 warn ERESOLVE     }
37 warn ERESOLVE   }
37 warn ERESOLVE }
38 warn ERESOLVE overriding peer dependency {
38 warn ERESOLVE   code: 'ERESOLVE',
38 warn ERESOLVE   edge: {
38 warn ERESOLVE     type: 'peer',
38 warn ERESOLVE     name: 'react-dom',
38 warn ERESOLVE     spec: '~16',
38 warn ERESOLVE     error: 'INVALID',
38 warn ERESOLVE     from: {
38 warn ERESOLVE       name: 'react-qr-reader',
38 warn ERESOLVE       version: '2.2.1',
38 warn ERESOLVE       location: 'node_modules/@keystonehq/sdk/node_modules/react-qr-reader',
38 warn ERESOLVE       isWorkspace: false,
38 warn ERESOLVE       dependents: [Array]
38 warn ERESOLVE     }
38 warn ERESOLVE   },
38 warn ERESOLVE   dep: {
38 warn ERESOLVE     name: 'react-dom',
38 warn ERESOLVE     version: '16.14.0',
38 warn ERESOLVE     whileInstalling: {
38 warn ERESOLVE       name: 'react-qr-reader',
38 warn ERESOLVE       version: '2.2.1',
38 warn ERESOLVE       path: '/Users/fahadghouri/Desktop/Developer/code/ourprojects/Solana_StableCoin_collosseum-dsc/frontend/node_modules/@keystonehq/sdk/node_modules/react-qr-reader'
38 warn ERESOLVE     },
38 warn ERESOLVE     location: 'node_modules/react-dom',
38 warn ERESOLVE     isWorkspace: false,
38 warn ERESOLVE     dependents: [ [Object] ]
38 warn ERESOLVE   },
38 warn ERESOLVE   force: false,
38 warn ERESOLVE   isMine: false,
38 warn ERESOLVE   strictPeerDeps: false,
38 warn ERESOLVE   current: {
38 warn ERESOLVE     name: 'react-dom',
38 warn ERESOLVE     version: '18.3.1',
38 warn ERESOLVE     location: 'node_modules/react-dom',
38 warn ERESOLVE     isWorkspace: false,
38 warn ERESOLVE     dependents: [
38 warn ERESOLVE       [Object], [Object], [Object],
38 warn ERESOLVE       [Object], [Object], [Object],
38 warn ERESOLVE       [Object], [Object], [Object],
38 warn ERESOLVE       [Object], [Object], [Object],
38 warn ERESOLVE       [Object], [Object], [Object],
38 warn ERESOLVE       [Object], [Object], [Object],
38 warn ERESOLVE       [Object], [Object], [Object],
38 warn ERESOLVE       [Object], [Object], [Object],
38 warn ERESOLVE       [Object], [Object], [Object],
38 warn ERESOLVE       [Object], [Object]
38 warn ERESOLVE     ]
38 warn ERESOLVE   },
38 warn ERESOLVE   peerConflict: {
38 warn ERESOLVE     current: {
38 warn ERESOLVE       name: 'react-dom',
38 warn ERESOLVE       version: '18.3.1',
38 warn ERESOLVE       location: 'node_modules/react-dom',
38 warn ERESOLVE       isWorkspace: false,
38 warn ERESOLVE       dependents: [Array]
38 warn ERESOLVE     },
38 warn ERESOLVE     peer: {
38 warn ERESOLVE       name: 'react-dom',
38 warn ERESOLVE       version: '16.14.0',
38 warn ERESOLVE       whileInstalling: [Object],
38 warn ERESOLVE       location: 'node_modules/react-dom',
38 warn ERESOLVE       isWorkspace: false,
38 warn ERESOLVE       dependents: [Array]
38 warn ERESOLVE     }
38 warn ERESOLVE   }
38 warn ERESOLVE }
39 silly reify moves {}
40 silly audit bulk request {
40 silly audit   '@adraffy/ens-normalize': [ '1.11.1' ],
40 silly audit   '@alloc/quick-lru': [ '5.2.0' ],
40 silly audit   '@babel/code-frame': [ '7.27.1' ],
40 silly audit   '@babel/compat-data': [ '7.28.5' ],
40 silly audit   '@babel/core': [ '7.28.5' ],
40 silly audit   json5: [ '2.2.3', '1.0.2' ],
40 silly audit   semver: [ '6.3.1', '7.7.3' ],
40 silly audit   '@babel/generator': [ '7.28.5' ],
40 silly audit   '@babel/helper-compilation-targets': [ '7.27.2' ],
40 silly audit   'lru-cache': [ '5.1.1', '10.4.3' ],
40 silly audit   '@babel/helper-globals': [ '7.28.0' ],
40 silly audit   '@babel/helper-module-imports': [ '7.27.1' ],
40 silly audit   '@babel/helper-module-transforms': [ '7.28.3' ],
40 silly audit   '@babel/helper-plugin-utils': [ '7.27.1' ],
40 silly audit   '@babel/helper-string-parser': [ '7.27.1' ],
40 silly audit   '@babel/helper-validator-identifier': [ '7.28.5' ],
40 silly audit   '@babel/helper-validator-option': [ '7.27.1' ],
40 silly audit   '@babel/helpers': [ '7.28.4' ],
40 silly audit   '@babel/parser': [ '7.28.5' ],
40 silly audit   '@babel/plugin-syntax-async-generators': [ '7.8.4' ],
40 silly audit   '@babel/plugin-syntax-bigint': [ '7.8.3' ],
40 silly audit   '@babel/plugin-syntax-class-properties': [ '7.12.13' ],
40 silly audit   '@babel/plugin-syntax-class-static-block': [ '7.14.5' ],
40 silly audit   '@babel/plugin-syntax-import-attributes': [ '7.27.1' ],
40 silly audit   '@babel/plugin-syntax-import-meta': [ '7.10.4' ],
40 silly audit   '@babel/plugin-syntax-json-strings': [ '7.8.3' ],
40 silly audit   '@babel/plugin-syntax-logical-assignment-operators': [ '7.10.4' ],
40 silly audit   '@babel/plugin-syntax-nullish-coalescing-operator': [ '7.8.3' ],
40 silly audit   '@babel/plugin-syntax-numeric-separator': [ '7.10.4' ],
40 silly audit   '@babel/plugin-syntax-object-rest-spread': [ '7.8.3' ],
40 silly audit   '@babel/plugin-syntax-optional-catch-binding': [ '7.8.3' ],
40 silly audit   '@babel/plugin-syntax-optional-chaining': [ '7.8.3' ],
40 silly audit   '@babel/plugin-syntax-private-property-in-object': [ '7.14.5' ],
40 silly audit   '@babel/plugin-syntax-top-level-await': [ '7.14.5' ],
40 silly audit   '@babel/runtime': [ '7.28.4' ],
40 silly audit   '@babel/template': [ '7.27.2' ],
40 silly audit   '@babel/traverse': [ '7.28.5' ],
40 silly audit   '@babel/types': [ '7.28.5' ],
40 silly audit   '@coral-xyz/anchor': [ '0.30.1', '0.29.0' ],
40 silly audit   '@coral-xyz/anchor-errors': [ '0.30.1' ],
40 silly audit   'base-x': [ '3.0.11', '4.0.1', '5.0.1' ],
40 silly audit   bs58: [ '4.0.1', '5.0.0', '6.0.0' ],
40 silly audit   '@coral-xyz/borsh': [ '0.30.1', '0.29.0' ],
40 silly audit   '@emnapi/core': [ '1.6.0' ],
40 silly audit   '@emnapi/runtime': [ '1.6.0' ],
40 silly audit   '@emnapi/wasi-threads': [ '1.1.0' ],
40 silly audit   '@emurgo/cardano-serialization-lib-browser': [ '13.2.1' ],
40 silly audit   '@emurgo/cardano-serialization-lib-nodejs': [ '13.2.0' ],
40 silly audit   '@eslint-community/eslint-utils': [ '4.9.0' ],
40 silly audit   '@eslint-community/regexpp': [ '4.12.2' ],
40 silly audit   '@eslint/eslintrc': [ '2.1.4' ],
40 silly audit   '@eslint/js': [ '8.57.1' ],
40 silly audit   '@ethereumjs/common': [ '10.0.0' ],
40 silly audit   '@ethereumjs/rlp': [ '10.0.0', '5.0.2' ],
40 silly audit   '@ethereumjs/util': [ '10.0.0', '9.1.0' ],
40 silly audit   '@noble/ciphers': [ '1.3.0', '1.2.1' ],
40 silly audit   '@noble/curves': [ '1.9.0', '1.9.7', '1.8.1', '1.4.2', '1.8.0', '1.9.1' ],
40 silly audit   '@scure/bip32': [ '1.7.0', '1.6.2', '1.4.0' ],
40 silly audit   'ethereum-cryptography': [ '3.2.0', '2.2.1' ],
40 silly audit   eventemitter3: [ '5.0.1', '4.0.7' ],
40 silly audit   '@ethereumjs/tx': [ '10.0.0' ],
40 silly audit   '@fivebinaries/coin-selection': [ '3.0.0' ],
40 silly audit   '@floating-ui/core': [ '1.7.3' ],
40 silly audit   '@floating-ui/dom': [ '1.7.4' ],
40 silly audit   '@floating-ui/react-dom': [ '2.1.6' ],
40 silly audit   '@floating-ui/utils': [ '0.2.10' ],
40 silly audit   '@fractalwagmi/popup-connection': [ '1.1.1' ],
40 silly audit   '@fractalwagmi/solana-wallet-adapter': [ '0.1.1' ],
40 silly audit   '@grpc/grpc-js': [ '1.14.0' ],
40 silly audit   '@grpc/proto-loader': [ '0.8.0' ],
40 silly audit   'ansi-styles': [ '4.3.0', '6.2.3', '5.2.0' ],
40 silly audit   cliui: [ '8.0.1', '6.0.0' ],
40 silly audit   'emoji-regex': [ '8.0.0', '9.2.2' ],
40 silly audit   protobufjs: [ '7.5.4', '7.4.0' ],
40 silly audit   'string-width': [ '4.2.3', '5.1.2' ],
40 silly audit   'wrap-ansi': [ '7.0.0', '6.2.0', '8.1.0' ],
40 silly audit   y18n: [ '5.0.8', '4.0.3' ],
40 silly audit   yargs: [ '17.7.2', '15.4.1' ],
40 silly audit   'yargs-parser': [ '21.1.1', '18.1.3' ],
40 silly audit   '@humanwhocodes/config-array': [ '0.13.0' ],
40 silly audit   '@humanwhocodes/module-importer': [ '1.0.1' ],
40 silly audit   '@humanwhocodes/object-schema': [ '2.0.3' ],
40 silly audit   '@isaacs/cliui': [ '8.0.2' ],
40 silly audit   'ansi-regex': [ '6.2.2', '5.0.1' ],
40 silly audit   'strip-ansi': [ '7.1.2', '6.0.1' ],
40 silly audit   '@isaacs/ttlcache': [ '1.4.1' ],
40 silly audit   '@istanbuljs/load-nyc-config': [ '1.1.0' ],
40 silly audit   argparse: [ '1.0.10', '2.0.1' ],
40 silly audit   camelcase: [ '5.3.1', '6.3.0' ],
40 silly audit   'find-up': [ '4.1.0', '5.0.0' ],
40 silly audit   'js-yaml': [ '3.14.1', '4.1.0' ],
40 silly audit   'locate-path': [ '5.0.0', '6.0.0' ],
40 silly audit   'p-limit': [ '2.3.0', '3.1.0' ],
40 silly audit   'p-locate': [ '4.1.0', '5.0.0' ],
40 silly audit   'resolve-from': [ '5.0.0', '4.0.0' ],
40 silly audit   '@istanbuljs/schema': [ '0.1.3' ],
40 silly audit   '@jest/create-cache-key-function': [ '29.7.0' ],
40 silly audit   '@jest/environment': [ '29.7.0' ],
40 silly audit   '@jest/fake-timers': [ '29.7.0' ],
40 silly audit   '@jest/schemas': [ '29.6.3' ],
40 silly audit   '@jest/transform': [ '29.7.0' ],
40 silly audit   chalk: [ '4.1.2', '5.6.2' ],
40 silly audit   'supports-color': [ '7.2.0', '8.1.1' ],
40 silly audit   '@jest/types': [ '29.6.3' ],
40 silly audit   '@jridgewell/gen-mapping': [ '0.3.13' ],
40 silly audit   '@jridgewell/remapping': [ '2.3.5' ],
40 silly audit   '@jridgewell/resolve-uri': [ '3.1.2' ],
40 silly audit   '@jridgewell/source-map': [ '0.3.11' ],
40 silly audit   '@jridgewell/sourcemap-codec': [ '1.5.5' ],
40 silly audit   '@jridgewell/trace-mapping': [ '0.3.31' ],
40 silly audit   '@js-sdsl/ordered-map': [ '4.4.2' ],
40 silly audit   '@keystonehq/alias-sampling': [ '0.1.2' ],
40 silly audit   '@keystonehq/bc-ur-registry': [ '0.5.4', '0.7.1' ],
40 silly audit   '@keystonehq/bc-ur-registry-sol': [ '0.9.5' ],
40 silly audit   '@keystonehq/sdk': [ '0.19.2' ],
40 silly audit   'qrcode.react': [ '1.0.1' ],
40 silly audit   'react-qr-reader': [ '2.2.1' ],
40 silly audit   '@keystonehq/sol-keyring': [ '0.20.0' ],
40 silly audit   '@ledgerhq/devices': [ '8.6.1' ],
40 silly audit   rxjs: [ '7.8.2', '6.6.7' ],
40 silly audit   '@ledgerhq/errors': [ '6.26.0' ],
40 silly audit   '@ledgerhq/hw-transport': [ '6.31.12' ],
40 silly audit   '@ledgerhq/hw-transport-webhid': [ '6.30.8' ],
40 silly audit   '@ledgerhq/logs': [ '6.13.0' ],
40 silly audit   '@lit-labs/ssr-dom-shim': [ '1.4.0' ],
40 silly audit   '@lit/reactive-element': [ '2.1.1' ],
40 silly audit   '@mobily/ts-belt': [ '3.13.1' ],
40 silly audit   '@napi-rs/wasm-runtime': [ '0.2.12' ],
40 silly audit   '@next/env': [ '14.1.0' ],
40 silly audit   '@next/eslint-plugin-next': [ '14.1.0' ],
40 silly audit   '@next/swc-darwin-arm64': [ '14.1.0' ],
40 silly audit   '@next/swc-darwin-x64': [ '14.1.0' ],
40 silly audit   '@next/swc-linux-arm64-gnu': [ '14.1.0' ],
40 silly audit   '@next/swc-linux-arm64-musl': [ '14.1.0' ],
40 silly audit   '@next/swc-linux-x64-gnu': [ '14.1.0' ],
40 silly audit   '@next/swc-linux-x64-musl': [ '14.1.0' ],
40 silly audit   '@next/swc-win32-arm64-msvc': [ '14.1.0' ],
40 silly audit   '@next/swc-win32-ia32-msvc': [ '14.1.0' ],
40 silly audit   '@next/swc-win32-x64-msvc': [ '14.1.0' ],
40 silly audit   '@ngraveio/bc-ur': [ '1.1.13' ],
40 silly audit   '@noble/ed25519': [ '1.7.5' ],
40 silly audit   '@noble/hashes': [ '1.8.0', '1.7.1', '1.4.0', '1.7.0' ],
40 silly audit   '@nodelib/fs.scandir': [ '2.1.5' ],
40 silly audit   '@nodelib/fs.stat': [ '2.0.5' ],
40 silly audit   '@nodelib/fs.walk': [ '1.2.8' ],
40 silly audit   '@nolyfill/is-core-module': [ '1.0.39' ],
40 silly audit   '@particle-network/analytics': [ '1.0.2' ],
40 silly audit   '@particle-network/auth': [ '1.3.1' ],
40 silly audit   '@particle-network/chains': [ '1.8.3' ],
40 silly audit   '@particle-network/crypto': [ '1.0.1' ],
40 silly audit   '@pkgjs/parseargs': [ '0.11.0' ],
40 silly audit   '@project-serum/sol-wallet-adapter': [ '0.2.6' ],
40 silly audit   '@protobufjs/aspromise': [ '1.1.2' ],
40 silly audit   '@protobufjs/base64': [ '1.1.2' ],
40 silly audit   '@protobufjs/codegen': [ '2.0.4' ],
40 silly audit   '@protobufjs/eventemitter': [ '1.1.0' ],
40 silly audit   '@protobufjs/fetch': [ '1.1.0' ],
40 silly audit   '@protobufjs/float': [ '1.0.2' ],
40 silly audit   '@protobufjs/inquire': [ '1.1.0' ],
40 silly audit   '@protobufjs/path': [ '1.1.2' ],
40 silly audit   '@protobufjs/pool': [ '1.1.0' ],
40 silly audit   '@protobufjs/utf8': [ '1.1.0' ],
40 silly audit   '@pythnetwork/hermes-client': [ '2.0.0' ],
40 silly audit   '@pythnetwork/price-service-client': [ '1.9.1' ],
40 silly audit   '@pythnetwork/price-service-sdk': [ '1.8.0' ],
40 silly audit   '@pythnetwork/pyth-solana-receiver': [ '0.12.0' ],
40 silly audit   '@pythnetwork/solana-utils': [ '0.5.0' ],
40 silly audit   '@radix-ui/number': [ '1.1.1' ],
40 silly audit   '@radix-ui/primitive': [ '1.1.3' ],
40 silly audit   '@radix-ui/react-arrow': [ '1.1.7' ],
40 silly audit   '@radix-ui/react-checkbox': [ '1.3.3' ],
40 silly audit   '@radix-ui/react-collection': [ '1.1.7' ],
40 silly audit   '@radix-ui/react-compose-refs': [ '1.1.2' ],
40 silly audit   '@radix-ui/react-context': [ '1.1.2' ],
40 silly audit   '@radix-ui/react-dialog': [ '1.1.15' ],
40 silly audit   '@radix-ui/react-direction': [ '1.1.1' ],
40 silly audit   '@radix-ui/react-dismissable-layer': [ '1.1.11' ],
40 silly audit   '@radix-ui/react-focus-guards': [ '1.1.3' ],
40 silly audit   '@radix-ui/react-focus-scope': [ '1.1.7' ],
40 silly audit   '@radix-ui/react-id': [ '1.1.1' ],
40 silly audit   '@radix-ui/react-label': [ '2.1.7' ],
40 silly audit   '@radix-ui/react-popper': [ '1.2.8' ],
40 silly audit   '@radix-ui/react-portal': [ '1.1.9' ],
40 silly audit   '@radix-ui/react-presence': [ '1.1.5' ],
40 silly audit   '@radix-ui/react-primitive': [ '2.1.3' ],
40 silly audit   '@radix-ui/react-roving-focus': [ '1.1.11' ],
40 silly audit   '@radix-ui/react-select': [ '2.2.6' ],
40 silly audit   '@radix-ui/react-slider': [ '1.3.6' ],
40 silly audit   '@radix-ui/react-slot': [ '1.2.3' ],
40 silly audit   '@radix-ui/react-switch': [ '1.2.6' ],
40 silly audit   '@radix-ui/react-tabs': [ '1.1.13' ],
40 silly audit   '@radix-ui/react-toast': [ '1.2.15' ],
40 silly audit   '@radix-ui/react-toggle': [ '1.1.10' ],
40 silly audit   '@radix-ui/react-tooltip': [ '1.2.8' ],
40 silly audit   '@radix-ui/react-use-callback-ref': [ '1.1.1' ],
40 silly audit   '@radix-ui/react-use-controllable-state': [ '1.2.2' ],
40 silly audit   '@radix-ui/react-use-effect-event': [ '0.0.2' ],
40 silly audit   '@radix-ui/react-use-escape-keydown': [ '1.1.1' ],
40 silly audit   '@radix-ui/react-use-layout-effect': [ '1.1.1' ],
40 silly audit   '@radix-ui/react-use-previous': [ '1.1.1' ],
40 silly audit   '@radix-ui/react-use-rect': [ '1.1.1' ],
40 silly audit   '@radix-ui/react-use-size': [ '1.1.1' ],
40 silly audit   '@radix-ui/react-visually-hidden': [ '1.2.3' ],
40 silly audit   '@radix-ui/rect': [ '1.1.1' ],
40 silly audit   '@react-native/assets-registry': [ '0.82.1' ],
40 silly audit   '@react-native/codegen': [ '0.82.1' ],
40 silly audit   glob: [ '7.2.3', '10.3.10' ],
40 silly audit   '@react-native/community-cli-plugin': [ '0.82.1' ],
40 silly audit   '@react-native/debugger-frontend': [ '0.82.1' ],
40 silly audit   '@react-native/debugger-shell': [ '0.82.1' ],
40 silly audit   '@react-native/dev-middleware': [ '0.82.1' ],
40 silly audit   ws: [ '6.2.3', '8.18.0', '7.5.10', '8.17.1', '8.18.3' ],
40 silly audit   '@react-native/gradle-plugin': [ '0.82.1' ],
40 silly audit   '@react-native/js-polyfills': [ '0.82.1' ],
40 silly audit   '@react-native/normalize-colors': [ '0.82.1' ],
40 silly audit   '@reown/appkit': [ '1.7.2' ],
40 silly audit   '@reown/appkit-common': [ '1.7.2' ],
40 silly audit   '@reown/appkit-controllers': [ '1.7.2' ],
40 silly audit   '@scure/bip39': [ '1.5.4', '1.6.0', '1.3.0' ],
40 silly audit   '@walletconnect/core': [ '2.19.1', '2.19.0' ],
40 silly audit   '@walletconnect/keyvaluestorage': [ '1.1.1' ],
40 silly audit   '@walletconnect/sign-client': [ '2.19.1', '2.19.0' ],
40 silly audit   '@walletconnect/universal-provider': [ '2.19.1', '2.19.0' ],
40 silly audit   '@walletconnect/utils': [ '2.19.1', '2.19.0' ],
40 silly audit   viem: [ '2.23.2', '2.38.5' ],
40 silly audit   abitype: [ '1.0.8', '1.1.0' ],
40 silly audit   chokidar: [ '4.0.3', '3.6.0' ],
40 silly audit   isows: [ '1.0.6', '1.0.7' ],
40 silly audit   ox: [ '0.6.7', '0.9.6' ],
40 silly audit   readdirp: [ '4.1.2', '3.6.0' ],
40 silly audit   unstorage: [ '1.17.1' ],
40 silly audit   '@reown/appkit-polyfills': [ '1.7.2' ],
40 silly audit   '@reown/appkit-scaffold-ui': [ '1.7.2' ],
40 silly audit   '@reown/appkit-ui': [ '1.7.2' ],
40 silly audit   qrcode: [ '1.5.3', '1.5.4' ],
40 silly audit   '@reown/appkit-utils': [ '1.7.2' ],
40 silly audit   '@reown/appkit-wallet': [ '1.7.2' ],
40 silly audit   zod: [ '3.22.4', '3.25.76' ],
40 silly audit   '@rtsao/scc': [ '1.1.0' ],
40 silly audit   '@rushstack/eslint-patch': [ '1.14.1' ],
40 silly audit   '@scure/base': [ '1.2.6', '1.1.9' ],
40 silly audit   '@sinclair/typebox': [ '0.27.8', '0.33.22' ],
40 silly audit   '@sinonjs/commons': [ '3.0.1' ],
40 silly audit   '@sinonjs/fake-timers': [ '10.3.0' ],
40 silly audit   '@socket.io/component-emitter': [ '3.1.2' ],
40 silly audit   '@solana-mobile/mobile-wallet-adapter-protocol-web3js': [ '2.2.5' ],
40 silly audit   '@react-native/virtualized-lists': [ '0.82.1' ],
40 silly audit   '@solana-mobile/mobile-wallet-adapter-protocol': [ '2.2.5' ],
40 silly audit   '@types/react': [ '19.2.2', '18.3.26' ],
40 silly audit   commander: [ '12.1.0', '14.0.1', '13.1.0', '14.0.2', '2.20.3', '4.1.1' ],
40 silly audit   react: [ '19.2.0', '18.3.1' ],
40 silly audit   'react-native': [ '0.82.1' ],
40 silly audit   scheduler: [ '0.26.0', '0.23.2' ],
40 silly audit   '@solana-mobile/wallet-adapter-mobile': [ '2.2.5' ],
40 silly audit   '@react-native-async-storage/async-storage': [ '1.24.0' ],
40 silly audit   '@solana-mobile/wallet-standard-mobile': [ '0.4.3' ],
40 silly audit   '@solana-program/compute-budget': [ '0.8.0' ],
40 silly audit   '@solana-program/stake': [ '0.2.1' ],
40 silly audit   '@solana-program/system': [ '0.7.0' ],
40 silly audit   '@solana-program/token': [ '0.5.1' ],
40 silly audit   '@solana-program/token-2022': [ '0.4.2' ],
40 silly audit   '@solana/accounts': [ '2.3.0' ],
40 silly audit   '@solana/codecs-strings': [ '2.3.0', '4.0.0' ],
40 silly audit   '@solana/addresses': [ '2.3.0' ],
40 silly audit   '@solana/assertions': [ '2.3.0' ],
40 silly audit   '@solana/buffer-layout': [ '4.0.1' ],
40 silly audit   '@solana/codecs': [ '2.3.0' ],
40 silly audit   '@solana/codecs-core': [ '2.3.0', '4.0.0' ],
40 silly audit   '@solana/codecs-data-structures': [ '2.3.0' ],
40 silly audit   '@solana/codecs-numbers': [ '2.3.0', '4.0.0' ],
40 silly audit   '@solana/errors': [ '4.0.0', '2.3.0' ],
40 silly audit   '@solana/fast-stable-stringify': [ '2.3.0' ],
40 silly audit   '@solana/functional': [ '2.3.0' ],
40 silly audit   '@solana/instructions': [ '2.3.0' ],
40 silly audit   '@solana/keys': [ '2.3.0' ],
40 silly audit   '@solana/kit': [ '2.3.0' ],
40 silly audit   '@solana/nominal-types': [ '2.3.0' ],
40 silly audit   '@solana/options': [ '2.3.0' ],
40 silly audit   '@solana/programs': [ '2.3.0' ],
40 silly audit   '@solana/promises': [ '2.3.0' ],
40 silly audit   '@solana/rpc': [ '2.3.0' ],
40 silly audit   '@solana/rpc-api': [ '2.3.0' ],
40 silly audit   '@solana/rpc-parsed-types': [ '2.3.0' ],
40 silly audit   '@solana/rpc-spec': [ '2.3.0' ],
40 silly audit   '@solana/rpc-spec-types': [ '2.3.0' ],
40 silly audit   '@solana/rpc-subscriptions': [ '2.3.0' ],
40 silly audit   '@solana/rpc-subscriptions-api': [ '2.3.0' ],
40 silly audit   '@solana/rpc-subscriptions-channel-websocket': [ '2.3.0' ],
40 silly audit   '@solana/rpc-subscriptions-spec': [ '2.3.0' ],
40 silly audit   '@solana/rpc-transformers': [ '2.3.0' ],
40 silly audit   '@solana/rpc-transport-http': [ '2.3.0' ],
40 silly audit   '@solana/rpc-types': [ '2.3.0' ],
40 silly audit   '@solana/signers': [ '2.3.0' ],
40 silly audit   '@solana/subscribable': [ '2.3.0' ],
40 silly audit   '@solana/sysvars': [ '2.3.0' ],
40 silly audit   '@solana/transaction-confirmation': [ '2.3.0' ],
40 silly audit   '@solana/transaction-messages': [ '2.3.0' ],
40 silly audit   '@solana/transactions': [ '2.3.0' ],
40 silly audit   '@solana/wallet-adapter-alpha': [ '0.1.14' ],
40 silly audit   '@solana/wallet-adapter-avana': [ '0.1.17' ],
40 silly audit   '@solana/wallet-adapter-base': [ '0.9.27' ],
40 silly audit   '@solana/wallet-adapter-base-ui': [ '0.1.6' ],
40 silly audit   '@solana/wallet-adapter-bitkeep': [ '0.3.24' ],
40 silly audit   '@solana/wallet-adapter-bitpie': [ '0.5.22' ],
40 silly audit   '@solana/wallet-adapter-clover': [ '0.4.23' ],
40 silly audit   '@solana/wallet-adapter-coin98': [ '0.5.24' ],
40 silly audit   '@solana/wallet-adapter-coinbase': [ '0.1.23' ],
40 silly audit   '@solana/wallet-adapter-coinhub': [ '0.3.22' ],
40 silly audit   '@solana/wallet-adapter-fractal': [ '0.1.12' ],
40 silly audit   '@solana/wallet-adapter-huobi': [ '0.1.19' ],
40 silly audit   '@solana/wallet-adapter-hyperpay': [ '0.1.18' ],
40 silly audit   '@solana/wallet-adapter-keystone': [ '0.1.19' ],
40 silly audit   '@solana/wallet-adapter-krystal': [ '0.1.16' ],
40 silly audit   '@solana/wallet-adapter-ledger': [ '0.9.29' ],
40 silly audit   '@solana/wallet-adapter-mathwallet': [ '0.9.22' ],
40 silly audit   '@solana/wallet-adapter-neko': [ '0.2.16' ],
40 silly audit   '@solana/wallet-adapter-nightly': [ '0.1.20' ],
40 silly audit   '@solana/wallet-adapter-nufi': [ '0.1.21' ],
40 silly audit   '@solana/wallet-adapter-onto': [ '0.1.11' ],
40 silly audit   '@solana/wallet-adapter-particle': [ '0.1.16' ],
40 silly audit   '@particle-network/solana-wallet': [ '1.3.2' ],
40 silly audit   '@solana/wallet-adapter-phantom': [ '0.9.28' ],
40 silly audit   '@solana/wallet-adapter-react': [ '0.15.39' ],
40 silly audit   '@solana/wallet-adapter-react-ui': [ '0.9.39' ],
40 silly audit   '@solana/wallet-adapter-safepal': [ '0.5.22' ],
40 silly audit   '@solana/wallet-adapter-saifu': [ '0.1.19' ],
40 silly audit   '@solana/wallet-adapter-salmon': [ '0.1.18' ],
40 silly audit   '@solana/wallet-adapter-sky': [ '0.1.19' ],
40 silly audit   '@solana/wallet-adapter-solflare': [ '0.6.32' ],
40 silly audit   '@solana/wallet-adapter-solong': [ '0.9.22' ],
40 silly audit   '@solana/wallet-adapter-spot': [ '0.1.19' ],
40 silly audit   '@solana/wallet-adapter-tokenary': [ '0.1.16' ],
40 silly audit   '@solana/wallet-adapter-tokenpocket': [ '0.4.23' ],
40 silly audit   '@solana/wallet-adapter-torus': [ '0.11.32' ],
40 silly audit   '@solana/wallet-adapter-trezor': [ '0.1.6' ],
40 silly audit   '@solana/wallet-adapter-trust': [ '0.1.17' ],
40 silly audit   '@solana/wallet-adapter-unsafe-burner': [ '0.1.11' ],
40 silly audit   '@solana/wallet-adapter-walletconnect': [ '0.1.21' ],
40 silly audit   '@solana/wallet-adapter-xdefi': [ '0.1.11' ],
40 silly audit   '@solana/wallet-standard': [ '1.1.4' ],
40 silly audit   '@solana/wallet-standard-chains': [ '1.1.1' ],
40 silly audit   '@solana/wallet-standard-core': [ '1.1.2' ],
40 silly audit   '@solana/wallet-standard-features': [ '1.3.0' ],
40 silly audit   '@solana/wallet-standard-util': [ '1.1.2' ],
40 silly audit   '@solana/wallet-standard-wallet-adapter': [ '1.1.4' ],
40 silly audit   '@solana/wallet-standard-wallet-adapter-react': [ '1.1.4' ],
40 silly audit   '@solana/wallet-standard-wallet-adapter-base': [ '1.1.4' ],
40 silly audit   '@solana/web3.js': [ '1.98.4', '1.77.4' ],
40 silly audit   superstruct: [ '2.0.2', '0.14.2', '1.0.4', '0.15.5' ],
40 silly audit   '@solflare-wallet/metamask-sdk': [ '1.0.3' ],
40 silly audit   uuid: [ '9.0.1', '8.3.2' ],
40 silly audit   '@solflare-wallet/sdk': [ '1.4.2' ],
40 silly audit   '@stellar/js-xdr': [ '3.1.2' ],
40 silly audit   '@stellar/stellar-base': [ '13.1.0' ],
40 silly audit   '@stellar/stellar-sdk': [ '13.3.0' ],
40 silly audit   eventsource: [ '2.0.2', '3.0.7' ],
40 silly audit   '@swc/helpers': [ '0.5.2', '0.5.17' ],
40 silly audit   '@tanstack/react-table': [ '8.21.3' ],
40 silly audit   '@tanstack/table-core': [ '8.21.3' ],
40 silly audit   '@toruslabs/base-controllers': [ '5.11.0' ],
40 silly audit   '@toruslabs/broadcast-channel': [ '10.0.2' ],
40 silly audit   '@toruslabs/constants': [ '13.4.0' ],
40 silly audit   '@toruslabs/eccrypto': [ '4.0.0' ],
40 silly audit   '@toruslabs/http-helpers': [ '6.1.1' ],
40 silly audit   '@toruslabs/metadata-helpers': [ '5.1.0' ],
40 silly audit   '@toruslabs/openlogin-jrpc': [ '8.3.0' ],
40 silly audit   '@toruslabs/openlogin-utils': [ '8.2.1' ],
40 silly audit   '@toruslabs/solana-embed': [ '2.1.0' ],
40 silly audit   '@trezor/analytics': [ '1.4.3' ],
40 silly audit   '@trezor/env-utils': [ '1.4.3' ],
40 silly audit   '@trezor/utils': [ '9.4.3', '9.4.4' ],
40 silly audit   '@trezor/blockchain-link': [ '2.5.4' ],
40 silly audit   '@trezor/blockchain-link-types': [ '1.4.4' ],
40 silly audit   '@trezor/blockchain-link-utils': [ '1.4.4' ],
40 silly audit   'crypto-browserify': [ '3.12.0', '3.12.1' ],
40 silly audit   '@trezor/connect': [ '9.6.4' ],
40 silly audit   '@trezor/connect-analytics': [ '1.3.6' ],
40 silly audit   '@trezor/connect-common': [ '0.4.4' ],
40 silly audit   '@trezor/connect-web': [ '9.6.4' ],
40 silly audit   bs58check: [ '4.0.0', '2.1.2' ],
40 silly audit   'cross-fetch': [ '4.1.0', '3.2.0' ],
40 silly audit   '@trezor/crypto-utils': [ '1.1.5' ],
40 silly audit   '@trezor/device-utils': [ '1.1.4' ],
40 silly audit   '@trezor/protobuf': [ '1.4.4' ],
40 silly audit   '@trezor/protocol': [ '1.2.10' ],
40 silly audit   '@trezor/schema-utils': [ '1.3.4' ],
40 silly audit   '@trezor/transport': [ '1.5.4' ],
40 silly audit   '@trezor/type-utils': [ '1.1.9' ],
40 silly audit   '@trezor/utxo-lib': [ '2.4.4' ],
40 silly audit   '@trezor/websocket-client': [ '1.2.4' ],
40 silly audit   '@tybys/wasm-util': [ '0.10.1' ],
40 silly audit   '@types/babel__core': [ '7.20.5' ],
40 silly audit   '@types/babel__generator': [ '7.27.0' ],
40 silly audit   '@types/babel__template': [ '7.4.4' ],
40 silly audit   '@types/babel__traverse': [ '7.28.0' ],
40 silly audit   '@types/connect': [ '3.4.38' ],
40 silly audit   '@types/graceful-fs': [ '4.1.9' ],
40 silly audit   '@types/istanbul-lib-coverage': [ '2.0.6' ],
40 silly audit   '@types/istanbul-lib-report': [ '3.0.3' ],
40 silly audit   '@types/istanbul-reports': [ '3.0.4' ],
40 silly audit   '@types/json5': [ '0.0.29' ],
40 silly audit   '@types/node': [ '24.9.2', '12.20.55' ],
40 silly audit   '@types/prop-types': [ '15.7.15' ],
40 silly audit   '@types/react-dom': [ '18.3.7' ],
40 silly audit   '@types/stack-utils': [ '2.0.3' ],
40 silly audit   '@types/trusted-types': [ '2.0.7' ],
40 silly audit   '@types/uuid': [ '8.3.4' ],
40 silly audit   '@types/w3c-web-usb': [ '1.0.13' ],
40 silly audit   '@types/web': [ '0.0.197' ],
40 silly audit   '@types/ws': [ '8.18.1', '7.4.7' ],
40 silly audit   '@types/yargs': [ '17.0.34' ],
40 silly audit   '@types/yargs-parser': [ '21.0.3' ],
40 silly audit   '@typescript-eslint/parser': [ '6.21.0' ],
40 silly audit   '@typescript-eslint/scope-manager': [ '6.21.0' ],
40 silly audit   '@typescript-eslint/types': [ '6.21.0' ],
40 silly audit   '@typescript-eslint/typescript-estree': [ '6.21.0' ],
40 silly audit   'brace-expansion': [ '2.0.2', '1.1.12' ],
40 silly audit   minimatch: [ '9.0.3', '9.0.5', '3.1.2' ],
40 silly audit   '@typescript-eslint/visitor-keys': [ '6.21.0' ],
40 silly audit   '@ungap/structured-clone': [ '1.3.0' ],
40 silly audit   '@unrs/resolver-binding-android-arm-eabi': [ '1.11.1' ],
40 silly audit   '@unrs/resolver-binding-android-arm64': [ '1.11.1' ],
40 silly audit   '@unrs/resolver-binding-darwin-arm64': [ '1.11.1' ],
40 silly audit   '@unrs/resolver-binding-darwin-x64': [ '1.11.1' ],
40 silly audit   '@unrs/resolver-binding-freebsd-x64': [ '1.11.1' ],
40 silly audit   '@unrs/resolver-binding-linux-arm-gnueabihf': [ '1.11.1' ],
40 silly audit   '@unrs/resolver-binding-linux-arm-musleabihf': [ '1.11.1' ],
40 silly audit   '@unrs/resolver-binding-linux-arm64-gnu': [ '1.11.1' ],
40 silly audit   '@unrs/resolver-binding-linux-arm64-musl': [ '1.11.1' ],
40 silly audit   '@unrs/resolver-binding-linux-ppc64-gnu': [ '1.11.1' ],
40 silly audit   '@unrs/resolver-binding-linux-riscv64-gnu': [ '1.11.1' ],
40 silly audit   '@unrs/resolver-binding-linux-riscv64-musl': [ '1.11.1' ],
40 silly audit   '@unrs/resolver-binding-linux-s390x-gnu': [ '1.11.1' ],
40 silly audit   '@unrs/resolver-binding-linux-x64-gnu': [ '1.11.1' ],
40 silly audit   '@unrs/resolver-binding-linux-x64-musl': [ '1.11.1' ],
40 silly audit   '@unrs/resolver-binding-wasm32-wasi': [ '1.11.1' ],
40 silly audit   '@unrs/resolver-binding-win32-arm64-msvc': [ '1.11.1' ],
40 silly audit   '@unrs/resolver-binding-win32-ia32-msvc': [ '1.11.1' ],
40 silly audit   '@unrs/resolver-binding-win32-x64-msvc': [ '1.11.1' ],
40 silly audit   '@wallet-standard/app': [ '1.1.0' ],
40 silly audit   '@wallet-standard/base': [ '1.1.0' ],
40 silly audit   '@wallet-standard/core': [ '1.1.1' ],
40 silly audit   '@wallet-standard/errors': [ '0.1.1' ],
40 silly audit   '@wallet-standard/features': [ '1.1.0' ],
40 silly audit   '@wallet-standard/wallet': [ '1.1.0' ],
40 silly audit   '@walletconnect/types': [ '2.19.0', '2.19.1' ],
40 silly audit   '@walletconnect/environment': [ '1.0.1' ],
40 silly audit   tslib: [ '1.14.1', '2.8.1' ],
40 silly audit   '@walletconnect/events': [ '1.0.1' ],
40 silly audit   '@walletconnect/heartbeat': [ '1.2.2' ],
40 silly audit   '@walletconnect/jsonrpc-http-connection': [ '1.0.8' ],
40 silly audit   '@walletconnect/jsonrpc-provider': [ '1.0.14' ],
40 silly audit   '@walletconnect/jsonrpc-types': [ '1.0.4' ],
40 silly audit   '@walletconnect/jsonrpc-utils': [ '1.0.8' ],
40 silly audit   '@walletconnect/jsonrpc-ws-connection': [ '1.0.16' ],
40 silly audit   '@walletconnect/logger': [ '2.1.2' ],
40 silly audit   '@walletconnect/relay-api': [ '1.0.11' ],
40 silly audit   '@walletconnect/relay-auth': [ '1.1.0' ],
40 silly audit   '@walletconnect/safe-json': [ '1.0.2' ],
40 silly audit   '@walletconnect/solana-adapter': [ '0.0.8' ],
40 silly audit   '@walletconnect/time': [ '1.0.2' ],
40 silly audit   '@walletconnect/window-getters': [ '1.0.1' ],
40 silly audit   '@walletconnect/window-metadata': [ '1.0.1' ],
40 silly audit   '@xrplf/isomorphic': [ '1.0.1' ],
40 silly audit   '@xrplf/secret-numbers': [ '2.0.0' ],
40 silly audit   '@zodios/core': [ '10.9.6' ],
40 silly audit   'abort-controller': [ '3.0.0' ],
40 silly audit   accepts: [ '1.3.8' ],
40 silly audit   acorn: [ '8.15.0' ],
40 silly audit   'acorn-jsx': [ '5.3.2' ],
40 silly audit   'agent-base': [ '7.1.4' ],
40 silly audit   agentkeepalive: [ '4.6.0' ],
40 silly audit   ajv: [ '6.12.6' ],
40 silly audit   anser: [ '1.4.10' ],
40 silly audit   'any-promise': [ '1.3.0' ],
40 silly audit   anymatch: [ '3.1.3' ],
40 silly audit   arg: [ '5.0.2' ],
40 silly audit   'aria-hidden': [ '1.2.6' ],
40 silly audit   'aria-query': [ '5.3.2' ],
40 silly audit   'array-buffer-byte-length': [ '1.0.2' ],
40 silly audit   'array-includes': [ '3.1.9' ],
40 silly audit   'array-union': [ '2.1.0' ],
40 silly audit   'array.prototype.findlast': [ '1.2.5' ],
40 silly audit   'array.prototype.findlastindex': [ '1.2.6' ],
40 silly audit   'array.prototype.flat': [ '1.3.3' ],
40 silly audit   'array.prototype.flatmap': [ '1.3.3' ],
40 silly audit   'array.prototype.tosorted': [ '1.1.4' ],
40 silly audit   'arraybuffer.prototype.slice': [ '1.0.4' ],
40 silly audit   asap: [ '2.0.6' ],
40 silly audit   'asn1.js': [ '4.10.1' ],
40 silly audit   'bn.js': [ '4.12.2', '5.2.2' ],
40 silly audit   assert: [ '2.1.0' ],
40 silly audit   'ast-types-flow': [ '0.0.8' ],
40 silly audit   'async-function': [ '1.0.0' ],
40 silly audit   'async-limiter': [ '1.0.1' ],
40 silly audit   'async-mutex': [ '0.5.0' ],
40 silly audit   asynckit: [ '0.4.0' ],
40 silly audit   'atomic-sleep': [ '1.0.0' ],
40 silly audit   autoprefixer: [ '10.4.21' ],
40 silly audit   'available-typed-arrays': [ '1.0.7' ],
40 silly audit   'axe-core': [ '4.11.0' ],
40 silly audit   axios: [ '1.13.1' ],
40 silly audit   'axios-retry': [ '4.5.0' ],
40 silly audit   'axobject-query': [ '4.1.0' ],
40 silly audit   'babel-jest': [ '29.7.0' ],
40 silly audit   'babel-plugin-istanbul': [ '6.1.1' ],
40 silly audit   'babel-plugin-jest-hoist': [ '29.6.3' ],
40 silly audit   'babel-plugin-syntax-hermes-parser': [ '0.32.0' ],
40 silly audit   'babel-preset-current-node-syntax': [ '1.2.0' ],
40 silly audit   'babel-preset-jest': [ '29.6.3' ],
40 silly audit   'balanced-match': [ '1.0.2' ],
40 silly audit   'bare-addon-resolve': [ '1.9.5' ],
40 silly audit   'bare-module-resolve': [ '1.11.2' ],
40 silly audit   'bare-os': [ '3.6.2' ],
40 silly audit   'bare-path': [ '3.0.0' ],
40 silly audit   'bare-semver': [ '1.0.2' ],
40 silly audit   'bare-url': [ '2.3.1' ],
40 silly audit   'base32.js': [ '0.1.0' ],
40 silly audit   'base64-js': [ '1.5.1' ],
40 silly audit   base64url: [ '3.0.1' ],
40 silly audit   'baseline-browser-mapping': [ '2.8.20' ],
40 silly audit   bech32: [ '2.0.0' ],
40 silly audit   'big-integer': [ '1.6.36' ],
40 silly audit   'big.js': [ '6.2.2' ],
40 silly audit   'bigint-buffer': [ '1.1.5' ],
40 silly audit   'bignumber.js': [ '9.3.1' ],
40 silly audit   'binary-extensions': [ '2.3.0' ],
40 silly audit   bindings: [ '1.5.0' ],
40 silly audit   bip66: [ '2.0.0' ],
40 silly audit   'bitcoin-ops': [ '1.4.1' ],
40 silly audit   'blake-hash': [ '2.0.0' ],
40 silly audit   'readable-stream': [ '3.6.2', '2.3.8', '4.7.0' ],
40 silly audit   blakejs: [ '1.2.1' ],
40 silly audit   borsh: [ '0.7.0' ],
40 silly audit   bowser: [ '2.12.1' ],
40 silly audit   braces: [ '3.0.3' ],
40 silly audit   brorand: [ '1.1.0' ],
40 silly audit   'browserify-aes': [ '1.2.0' ],
40 silly audit   'browserify-cipher': [ '1.0.1' ],
40 silly audit   'browserify-des': [ '1.0.2' ],
40 silly audit   'browserify-rsa': [ '4.1.1' ],
40 silly audit   'browserify-sign': [ '4.2.5' ],
40 silly audit   isarray: [ '1.0.0', '2.0.5' ],
40 silly audit   'safe-buffer': [ '5.1.2', '5.2.1' ],
40 silly audit   string_decoder: [ '1.1.1', '1.3.0' ],
40 silly audit   browserslist: [ '4.27.0' ],
40 silly audit   bser: [ '2.1.1' ],
40 silly audit   buffer: [ '6.0.3', '5.7.1' ],
40 silly audit   'buffer-equal-constant-time': [ '1.0.1' ],
40 silly audit   'buffer-from': [ '1.1.2' ],
40 silly audit   'buffer-layout': [ '1.2.2' ],
40 silly audit   'buffer-xor': [ '1.0.3' ],
40 silly audit   bufferutil: [ '4.0.9' ],
40 silly audit   busboy: [ '1.6.0' ],
40 silly audit   'call-bind': [ '1.0.8' ],
40 silly audit   'call-bind-apply-helpers': [ '1.0.2' ],
40 silly audit   'call-bound': [ '1.0.4' ],
40 silly audit   callsites: [ '3.1.0' ],
40 silly audit   'camelcase-css': [ '2.0.1' ],
40 silly audit   'caniuse-lite': [ '1.0.30001751' ],
40 silly audit   cashaddrjs: [ '0.4.4' ],
40 silly audit   cbor: [ '10.0.11' ],
40 silly audit   'cbor-sync': [ '1.0.4' ],
40 silly audit   'glob-parent': [ '5.1.2', '6.0.2' ],
40 silly audit   'chrome-launcher': [ '0.15.2' ],
40 silly audit   'chromium-edge-launcher': [ '0.2.0' ],
40 silly audit   'ci-info': [ '3.9.0', '2.0.0' ],
40 silly audit   'cipher-base': [ '1.0.7' ],
40 silly audit   'class-variance-authority': [ '0.7.1' ],
40 silly audit   'client-only': [ '0.0.1' ],
40 silly audit   clsx: [ '2.1.1' ],
40 silly audit   color: [ '4.2.3' ],
40 silly audit   'color-convert': [ '2.0.1' ],
40 silly audit   'color-name': [ '1.1.4' ],
40 silly audit   'color-string': [ '1.9.1' ],
40 silly audit   'combined-stream': [ '1.0.8' ],
40 silly audit   'concat-map': [ '0.0.1' ],
40 silly audit   connect: [ '3.7.0' ],
40 silly audit   debug: [ '2.6.9', '4.4.3', '4.3.7', '3.2.7' ],
40 silly audit   ms: [ '2.0.0', '2.1.3' ],
40 silly audit   'convert-source-map': [ '2.0.0' ],
40 silly audit   'cookie-es': [ '1.2.2' ],
40 silly audit   'core-util-is': [ '1.0.3' ],
40 silly audit   crc: [ '3.8.0' ],
40 silly audit   'create-ecdh': [ '4.0.4' ],
40 silly audit   'create-hash': [ '1.2.0' ],
40 silly audit   'create-hmac': [ '1.1.7' ],
40 silly audit   'cross-spawn': [ '7.0.6' ],
40 silly audit   crossws: [ '0.3.5' ],
40 silly audit   'crypto-hash': [ '1.3.0' ],
40 silly audit   'crypto-js': [ '4.2.0' ],
40 silly audit   cssesc: [ '3.0.0' ],
40 silly audit   csstype: [ '3.1.3' ],
40 silly audit   'damerau-levenshtein': [ '1.0.8' ],
40 silly audit   'data-view-buffer': [ '1.0.2' ],
40 silly audit   'data-view-byte-length': [ '1.0.2' ],
40 silly audit   'data-view-byte-offset': [ '1.0.1' ],
40 silly audit   dayjs: [ '1.11.13' ],
40 silly audit   decamelize: [ '1.2.0' ],
40 silly audit   'decode-uri-component': [ '0.2.2' ],
40 silly audit   'deep-is': [ '0.1.4' ],
40 silly audit   'define-data-property': [ '1.1.4' ],
40 silly audit   'define-properties': [ '1.2.1' ],
40 silly audit   defu: [ '6.1.4' ],
40 silly audit   delay: [ '5.0.0' ],
40 silly audit   'delayed-stream': [ '1.0.0' ],
40 silly audit   depd: [ '2.0.0' ],
40 silly audit   'derive-valtio': [ '0.1.0' ],
40 silly audit   'des.js': [ '1.1.0' ],
40 silly audit   destr: [ '2.0.5' ],
40 silly audit   destroy: [ '1.2.0' ],
40 silly audit   'detect-browser': [ '5.3.0' ],
40 silly audit   'detect-europe-js': [ '0.1.2' ],
40 silly audit   'detect-node-es': [ '1.1.0' ],
40 silly audit   didyoumean: [ '1.2.2' ],
40 silly audit   'diffie-hellman': [ '5.0.3' ],
40 silly audit   dijkstrajs: [ '1.0.3' ],
40 silly audit   'dir-glob': [ '3.0.1' ],
40 silly audit   dlv: [ '1.1.3' ],
40 silly audit   doctrine: [ '3.0.0', '2.1.0' ],
40 silly audit   'dot-case': [ '3.0.4' ],
40 silly audit   dotenv: [ '16.6.1' ],
40 silly audit   draggabilly: [ '3.0.0' ],
40 silly audit   'dunder-proto': [ '1.0.1' ],
40 silly audit   duplexify: [ '4.1.3' ],
40 silly audit   eastasianwidth: [ '0.2.0' ],
40 silly audit   'ecdsa-sig-formatter': [ '1.0.11' ],
40 silly audit   'ee-first': [ '1.1.1' ],
40 silly audit   'electron-to-chromium': [ '1.5.243' ],
40 silly audit   elliptic: [ '6.6.1' ],
40 silly audit   'encode-utf8': [ '1.0.3' ],
40 silly audit   encodeurl: [ '1.0.2', '2.0.0' ],
40 silly audit   'end-of-stream': [ '1.4.5' ],
40 silly audit   'engine.io-client': [ '6.6.3' ],
40 silly audit   'engine.io-parser': [ '5.2.3' ],
40 silly audit   'error-stack-parser': [ '2.1.4' ],
40 silly audit   'es-abstract': [ '1.24.0' ],
40 silly audit   'es-define-property': [ '1.0.1' ],
40 silly audit   'es-errors': [ '1.3.0' ],
40 silly audit   'es-iterator-helpers': [ '1.2.1' ],
40 silly audit   'es-object-atoms': [ '1.1.1' ],
40 silly audit   'es-set-tostringtag': [ '2.1.0' ],
40 silly audit   'es-shim-unscopables': [ '1.1.0' ],
40 silly audit   'es-to-primitive': [ '1.3.0' ],
40 silly audit   'es-toolkit': [ '1.33.0' ],
40 silly audit   'es6-promise': [ '4.2.8' ],
40 silly audit   'es6-promisify': [ '5.0.0' ],
40 silly audit   escalade: [ '3.2.0' ],
40 silly audit   'escape-html': [ '1.0.3' ],
40 silly audit   'escape-string-regexp': [ '4.0.0', '2.0.0' ],
40 silly audit   eslint: [ '8.57.1' ],
40 silly audit   'eslint-config-next': [ '14.1.0' ],
40 silly audit   'eslint-import-resolver-node': [ '0.3.9' ],
40 silly audit   'eslint-import-resolver-typescript': [ '3.10.1' ],
40 silly audit   'eslint-module-utils': [ '2.12.1' ],
40 silly audit   'eslint-plugin-import': [ '2.32.0' ],
40 silly audit   'eslint-plugin-jsx-a11y': [ '6.10.2' ],
40 silly audit   'eslint-plugin-react': [ '7.37.5' ],
40 silly audit   'eslint-plugin-react-hooks': [ '5.0.0-canary-7118f5dd7-20230705' ],
40 silly audit   resolve: [ '2.0.0-next.5', '1.22.11' ],
40 silly audit   'eslint-scope': [ '7.2.2' ],
40 silly audit   'eslint-visitor-keys': [ '3.4.3' ],
40 silly audit   espree: [ '9.6.1' ],
40 silly audit   esprima: [ '4.0.1' ],
40 silly audit   esquery: [ '1.6.0' ],
40 silly audit   esrecurse: [ '4.3.0' ],
40 silly audit   estraverse: [ '5.3.0' ],
40 silly audit   esutils: [ '2.0.3' ],
40 silly audit   etag: [ '1.8.1' ],
40 silly audit   'eth-rpc-errors': [ '4.0.3' ],
40 silly audit   'ev-emitter': [ '2.1.2' ],
40 silly audit   'event-target-shim': [ '5.0.1' ],
40 silly audit   events: [ '3.3.0' ],
40 silly audit   'eventsource-parser': [ '3.0.6' ],
40 silly audit   evp_bytestokey: [ '1.0.3' ],
40 silly audit   exenv: [ '1.2.2' ],
40 silly audit   'exponential-backoff': [ '3.1.3' ],
40 silly audit   eyes: [ '0.1.8' ],
40 silly audit   'fast-deep-equal': [ '3.1.3' ],
40 silly audit   'fast-glob': [ '3.3.3' ],
40 silly audit   'fast-json-stable-stringify': [ '2.1.0' ],
40 silly audit   'fast-levenshtein': [ '2.0.6' ],
40 silly audit   'fast-redact': [ '3.5.0' ],
40 silly audit   'fast-safe-stringify': [ '2.1.1' ],
40 silly audit   'fast-stable-stringify': [ '1.0.0' ],
40 silly audit   fastestsmallesttextencoderdecoder: [ '1.0.22' ],
40 silly audit   fastq: [ '1.19.1' ],
40 silly audit   'fb-dotslash': [ '0.5.8' ],
40 silly audit   'fb-watchman': [ '2.0.2' ],
40 silly audit   feaxios: [ '0.0.23' ],
40 silly audit   'is-retry-allowed': [ '3.0.0', '2.2.0' ],
40 silly audit   'file-entry-cache': [ '6.0.1' ],
40 silly audit   'file-uri-to-path': [ '1.0.0' ],
40 silly audit   'fill-range': [ '7.1.1' ],
40 silly audit   'filter-obj': [ '1.1.0' ],
40 silly audit   finalhandler: [ '1.1.2' ],
40 silly audit   'flat-cache': [ '3.2.0' ],
40 silly audit   flatted: [ '3.3.3' ],
40 silly audit   'flow-enums-runtime': [ '0.0.6' ],
40 silly audit   'follow-redirects': [ '1.15.11' ],
40 silly audit   'for-each': [ '0.3.5' ],
40 silly audit   'foreground-child': [ '3.3.1' ],
40 silly audit   'form-data': [ '4.0.4' ],
40 silly audit   'fraction.js': [ '4.3.7' ],
40 silly audit   fresh: [ '0.5.2' ],
40 silly audit   'fs.realpath': [ '1.0.0' ],
40 silly audit   fsevents: [ '2.3.3' ],
40 silly audit   'function-bind': [ '1.1.2' ],
40 silly audit   'function.prototype.name': [ '1.1.8' ],
40 silly audit   'functions-have-names': [ '1.2.3' ],
40 silly audit   'generator-function': [ '2.0.1' ],
40 silly audit   gensync: [ '1.0.0-beta.2' ],
40 silly audit   'get-caller-file': [ '2.0.5' ],
40 silly audit   'get-intrinsic': [ '1.3.0' ],
40 silly audit   'get-nonce': [ '1.0.1' ],
40 silly audit   'get-package-type': [ '0.1.0' ],
40 silly audit   'get-proto': [ '1.0.1' ],
40 silly audit   'get-size': [ '3.0.0' ],
40 silly audit   'get-symbol-description': [ '1.1.0' ],
40 silly audit   'get-tsconfig': [ '4.13.0' ],
40 silly audit   globals: [ '13.24.0' ],
40 silly audit   globalthis: [ '1.0.4' ],
40 silly audit   globby: [ '11.1.0' ],
40 silly audit   gopd: [ '1.2.0' ],
40 silly audit   'graceful-fs': [ '4.2.11' ],
40 silly audit   graphemer: [ '1.4.0' ],
40 silly audit   h3: [ '1.15.4' ],
40 silly audit   'has-bigints': [ '1.1.0' ],
40 silly audit   'has-flag': [ '4.0.0' ],
40 silly audit   'has-property-descriptors': [ '1.0.2' ],
40 silly audit   'has-proto': [ '1.2.0' ],
40 silly audit   'has-symbols': [ '1.1.0' ],
40 silly audit   'has-tostringtag': [ '1.0.2' ],
40 silly audit   'hash-base': [ '3.0.5', '3.1.2' ],
40 silly audit   'hash.js': [ '1.1.7' ],
40 silly audit   hasown: [ '2.0.2' ],
40 silly audit   'hermes-compiler': [ '0.0.0' ],
40 silly audit   'hermes-estree': [ '0.32.0' ],
40 silly audit   'hermes-parser': [ '0.32.0' ],
40 silly audit   'hmac-drbg': [ '1.0.1' ],
40 silly audit   'http-errors': [ '2.0.0' ],
40 silly audit   statuses: [ '2.0.1', '1.5.0' ],
40 silly audit   'https-proxy-agent': [ '7.0.6' ],
40 silly audit   'humanize-ms': [ '1.2.1' ],
40 silly audit   'idb-keyval': [ '6.2.2' ],
40 silly audit   ieee754: [ '1.2.1' ],
40 silly audit   ignore: [ '5.3.2' ],
40 silly audit   'image-size': [ '1.2.1' ],
40 silly audit   'import-fresh': [ '3.3.1' ],
40 silly audit   imurmurhash: [ '0.1.4' ],
40 silly audit   inflight: [ '1.0.6' ],
40 silly audit   inherits: [ '2.0.4' ],
40 silly audit   'int64-buffer': [ '1.1.0' ],
40 silly audit   'internal-slot': [ '1.1.0' ],
40 silly audit   invariant: [ '2.2.4' ],
40 silly audit   'ip-address': [ '10.0.1' ],
40 silly audit   'iron-webcrypto': [ '1.2.1' ],
40 silly audit   'is-arguments': [ '1.2.0' ],
40 silly audit   'is-array-buffer': [ '3.0.5' ],
40 silly audit   'is-arrayish': [ '0.3.4' ],
40 silly audit   'is-async-function': [ '2.1.1' ],
40 silly audit   'is-bigint': [ '1.1.0' ],
40 silly audit   'is-binary-path': [ '2.1.0' ],
40 silly audit   'is-boolean-object': [ '1.2.2' ],
40 silly audit   'is-bun-module': [ '2.0.0' ],
40 silly audit   'is-callable': [ '1.2.7' ],
40 silly audit   'is-core-module': [ '2.16.1' ],
40 silly audit   'is-data-view': [ '1.0.2' ],
40 silly audit   'is-date-object': [ '1.1.0' ],
40 silly audit   'is-docker': [ '2.2.1' ],
40 silly audit   'is-extglob': [ '2.1.1' ],
40 silly audit   'is-finalizationregistry': [ '1.1.1' ],
40 silly audit   'is-fullwidth-code-point': [ '3.0.0' ],
40 silly audit   'is-generator-function': [ '1.1.2' ],
40 silly audit   'is-glob': [ '4.0.3' ],
40 silly audit   'is-map': [ '2.0.3' ],
40 silly audit   'is-nan': [ '1.3.2' ],
40 silly audit   'is-negative-zero': [ '2.0.3' ],
40 silly audit   'is-number': [ '7.0.0' ],
40 silly audit   'is-number-object': [ '1.1.1' ],
40 silly audit   'is-path-inside': [ '3.0.3' ],
40 silly audit   'is-plain-obj': [ '2.1.0' ],
40 silly audit   'is-regex': [ '1.2.1' ],
40 silly audit   'is-set': [ '2.0.3' ],
40 silly audit   'is-shared-array-buffer': [ '1.0.4' ],
40 silly audit   'is-standalone-pwa': [ '0.1.1' ],
40 silly audit   'is-string': [ '1.1.1' ],
40 silly audit   'is-symbol': [ '1.1.1' ],
40 silly audit   'is-typed-array': [ '1.1.15' ],
40 silly audit   'is-weakmap': [ '2.0.2' ],
40 silly audit   'is-weakref': [ '1.1.1' ],
40 silly audit   'is-weakset': [ '2.0.4' ],
40 silly audit   'is-wsl': [ '2.2.0' ],
40 silly audit   isexe: [ '2.0.0' ],
40 silly audit   'isomorphic-ws': [ '4.0.1' ],
40 silly audit   'istanbul-lib-coverage': [ '3.2.2' ],
40 silly audit   'istanbul-lib-instrument': [ '5.2.1' ],
40 silly audit   'iterator.prototype': [ '1.1.5' ],
40 silly audit   jackspeak: [ '2.3.6' ],
40 silly audit   jayson: [ '4.2.0' ],
40 silly audit   'jest-environment-node': [ '29.7.0' ],
40 silly audit   'jest-get-type': [ '29.6.3' ],
40 silly audit   'jest-haste-map': [ '29.7.0' ],
40 silly audit   'jest-message-util': [ '29.7.0' ],
40 silly audit   'jest-mock': [ '29.7.0' ],
40 silly audit   'jest-regex-util': [ '29.6.3' ],
40 silly audit   'jest-util': [ '29.7.0' ],
40 silly audit   'jest-validate': [ '29.7.0' ],
40 silly audit   'jest-worker': [ '29.7.0' ],
40 silly audit   jiti: [ '1.21.7' ],
40 silly audit   'jito-ts': [ '3.0.1' ],
40 silly audit   'rpc-websockets': [ '7.11.2', '9.2.0' ],
40 silly audit   'js-base64': [ '3.7.8' ],
40 silly audit   'js-tokens': [ '4.0.0' ],
40 silly audit   jsbi: [ '3.2.5' ],
40 silly audit   'jsc-safe-url': [ '0.2.4' ],
40 silly audit   jsesc: [ '3.1.0' ],
40 silly audit   'json-buffer': [ '3.0.1' ],
40 silly audit   'json-schema-traverse': [ '0.4.1' ],
40 silly audit   'json-stable-stringify': [ '1.3.0' ],
40 silly audit   'json-stable-stringify-without-jsonify': [ '1.0.1' ],
40 silly audit   'json-stringify-safe': [ '5.0.1' ],
40 silly audit   jsonify: [ '0.0.1' ],
40 silly audit   jsqr: [ '1.4.0' ],
40 silly audit   'jsx-ast-utils': [ '3.3.5' ],
40 silly audit   jwa: [ '2.0.1' ],
40 silly audit   jws: [ '4.0.0' ],
40 silly audit   'jwt-decode': [ '4.0.0' ],
40 silly audit   keyv: [ '4.5.4' ],
40 silly audit   'keyvaluestorage-interface': [ '1.0.0' ],
40 silly audit   'language-subtag-registry': [ '0.3.23' ],
40 silly audit   'language-tags': [ '1.0.9' ],
40 silly audit   leven: [ '3.1.0' ],
40 silly audit   levn: [ '0.4.1' ],
40 silly audit   'lighthouse-logger': [ '1.4.2' ],
40 silly audit   lilconfig: [ '3.1.3' ],
40 silly audit   'lines-and-columns': [ '1.2.4' ],
40 silly audit   lit: [ '3.1.0' ],
40 silly audit   'lit-element': [ '4.2.1' ],
40 silly audit   'lit-html': [ '3.3.1' ],
40 silly audit   lodash: [ '4.17.21' ],
40 silly audit   'lodash-es': [ '4.17.21' ],
40 silly audit   'lodash.camelcase': [ '4.3.0' ],
40 silly audit   'lodash.isequal': [ '4.5.0' ],
40 silly audit   'lodash.merge': [ '4.6.2' ],
40 silly audit   'lodash.throttle': [ '4.1.1' ],
40 silly audit   loglevel: [ '1.9.2' ],
40 silly audit   long: [ '5.2.5' ],
40 silly audit   'loose-envify': [ '1.4.0' ],
40 silly audit   'lower-case': [ '2.0.2' ],
40 silly audit   'lucide-react': [ '0.321.0' ],
40 silly audit   makeerror: [ '1.0.12' ],
40 silly audit   marky: [ '1.3.0' ],
40 silly audit   'math-intrinsics': [ '1.1.0' ],
40 silly audit   'md5.js': [ '1.3.5' ],
40 silly audit   'memoize-one': [ '5.2.1' ],
40 silly audit   'merge-options': [ '3.0.4' ],
40 silly audit   'merge-stream': [ '2.0.0' ],
40 silly audit   merge2: [ '1.4.1' ],
40 silly audit   metro: [ '0.83.3' ],
40 silly audit   'metro-babel-transformer': [ '0.83.3' ],
40 silly audit   'metro-cache': [ '0.83.3' ],
40 silly audit   'metro-cache-key': [ '0.83.3' ],
40 silly audit   'metro-config': [ '0.83.3' ],
40 silly audit   'metro-core': [ '0.83.3' ],
40 silly audit   'metro-file-map': [ '0.83.3' ],
40 silly audit   'metro-minify-terser': [ '0.83.3' ],
40 silly audit   'metro-resolver': [ '0.83.3' ],
40 silly audit   'metro-runtime': [ '0.83.3' ],
40 silly audit   'metro-source-map': [ '0.83.3' ],
40 silly audit   'metro-symbolicate': [ '0.83.3' ],
40 silly audit   'metro-transform-plugins': [ '0.83.3' ],
40 silly audit   'metro-transform-worker': [ '0.83.3' ],
40 silly audit   micromatch: [ '4.0.8' ],
40 silly audit   'miller-rabin': [ '4.0.1' ],
40 silly audit   mime: [ '1.6.0' ],
40 silly audit   'mime-db': [ '1.52.0' ],
40 silly audit   'mime-types': [ '2.1.35' ],
40 silly audit   'minimalistic-assert': [ '1.0.1' ],
40 silly audit   'minimalistic-crypto-utils': [ '1.0.1' ],
40 silly audit   minimist: [ '1.2.8' ],
40 silly audit   minipass: [ '7.1.2' ],
40 silly audit   mkdirp: [ '1.0.4' ],
40 silly audit   multiformats: [ '9.9.0' ],
40 silly audit   mz: [ '2.7.0' ],
40 silly audit   nan: [ '2.23.0' ],
40 silly audit   nanoid: [ '3.3.11' ],
40 silly audit   'napi-postinstall': [ '0.3.4' ],
40 silly audit   'natural-compare': [ '1.4.0' ],
40 silly audit   negotiator: [ '0.6.3' ],
40 silly audit   next: [ '14.1.0' ],
40 silly audit   'next-themes': [ '0.2.1' ],
40 silly audit   postcss: [ '8.4.31', '8.5.6' ],
40 silly audit   'no-case': [ '3.0.4' ],
40 silly audit   'node-addon-api': [ '3.2.1', '8.5.0' ],
40 silly audit   'node-fetch': [ '2.7.0' ],
40 silly audit   'node-fetch-native': [ '1.6.7' ],
40 silly audit   'node-gyp-build': [ '4.8.4' ],
40 silly audit   'node-int64': [ '0.4.0' ],
40 silly audit   'node-mock-http': [ '1.0.3' ],
40 silly audit   'node-releases': [ '2.0.26' ],
40 silly audit   nofilter: [ '3.1.0' ],
40 silly audit   'normalize-path': [ '3.0.0' ],
40 silly audit   'normalize-range': [ '0.1.2' ],
40 silly audit   nullthrows: [ '1.1.1' ],
40 silly audit   ob1: [ '0.83.3' ],
40 silly audit   'object-assign': [ '4.1.1' ],
40 silly audit   'object-hash': [ '3.0.0' ],
40 silly audit   'object-inspect': [ '1.13.4' ],
40 silly audit   'object-is': [ '1.1.6' ],
40 silly audit   'object-keys': [ '1.1.1' ],
40 silly audit   'object.assign': [ '4.1.7' ],
40 silly audit   'object.entries': [ '1.1.9' ],
40 silly audit   'object.fromentries': [ '2.0.8' ],
40 silly audit   'object.groupby': [ '1.0.3' ],
40 silly audit   'object.values': [ '1.2.1' ],
40 silly audit   'oblivious-set': [ '1.4.0' ],
40 silly audit   ofetch: [ '1.5.0' ],
40 silly audit   'on-exit-leak-free': [ '0.2.0' ],
40 silly audit   'on-finished': [ '2.3.0', '2.4.1' ],
40 silly audit   once: [ '1.4.0' ],
40 silly audit   open: [ '7.4.2' ],
40 silly audit   optionator: [ '0.9.4' ],
40 silly audit   'own-keys': [ '1.0.1' ],
40 silly audit   'p-try': [ '2.2.0' ],
40 silly audit   pako: [ '2.1.0' ],
40 silly audit   'parent-module': [ '1.0.1' ],
40 silly audit   'parse-asn1': [ '5.1.9' ],
40 silly audit   parseurl: [ '1.3.3' ],
40 silly audit   'path-exists': [ '4.0.0' ],
40 silly audit   'path-is-absolute': [ '1.0.1' ],
40 silly audit   'path-key': [ '3.1.1' ],
40 silly audit   'path-parse': [ '1.0.7' ],
40 silly audit   'path-scurry': [ '1.11.1' ],
40 silly audit   'path-type': [ '4.0.0' ],
40 silly audit   pbkdf2: [ '3.1.5' ],
40 silly audit   picocolors: [ '1.1.1' ],
40 silly audit   picomatch: [ '2.3.1', '4.0.3' ],
40 silly audit   pify: [ '2.3.0' ],
40 silly audit   pino: [ '7.11.0' ],
40 silly audit   'pino-abstract-transport': [ '0.5.0' ],
40 silly audit   'pino-std-serializers': [ '4.0.0' ],
40 silly audit   pirates: [ '4.0.7' ],
40 silly audit   pngjs: [ '5.0.0' ],
40 silly audit   'possible-typed-array-names': [ '1.1.0' ],
40 silly audit   'postcss-import': [ '15.1.0' ],
40 silly audit   'postcss-js': [ '4.1.0' ],
40 silly audit   'postcss-load-config': [ '6.0.1' ],
40 silly audit   'postcss-nested': [ '6.2.0' ],
40 silly audit   'postcss-selector-parser': [ '6.1.2' ],
40 silly audit   'postcss-value-parser': [ '4.2.0' ],
40 silly audit   'prelude-ls': [ '1.2.1' ],
40 silly audit   prettier: [ '3.6.2' ],
40 silly audit   'prettier-plugin-tailwindcss': [ '0.5.14' ],
40 silly audit   'pretty-format': [ '29.7.0' ],
40 silly audit   'react-is': [ '18.3.1', '16.13.1' ],
40 silly audit   process: [ '0.11.10' ],
40 silly audit   'process-nextick-args': [ '2.0.1' ],
40 silly audit   'process-warning': [ '1.0.0' ],
40 silly audit   promise: [ '8.3.0' ],
40 silly audit   'prop-types': [ '15.8.1' ],
40 silly audit   'proxy-compare': [ '2.6.0' ],
40 silly audit   'proxy-from-env': [ '1.1.0' ],
40 silly audit   'public-encrypt': [ '4.0.3' ],
40 silly audit   pump: [ '3.0.3' ],
40 silly audit   punycode: [ '2.3.1' ],
40 silly audit   'pushdata-bitcoin': [ '1.0.1' ],
40 silly audit   'qr.js': [ '0.0.0' ],
40 silly audit   'query-string': [ '7.1.3' ],
40 silly audit   queue: [ '6.0.2' ],
40 silly audit   'queue-microtask': [ '1.2.3' ],
40 silly audit   'quick-format-unescaped': [ '4.0.4' ],
40 silly audit   radix3: [ '1.1.2' ],
40 silly audit   randombytes: [ '2.1.0' ],
40 silly audit   randomfill: [ '1.0.4' ],
40 silly audit   'range-parser': [ '1.2.1' ],
40 silly audit   'react-devtools-core': [ '6.1.5' ],
40 silly audit   'react-dom': [ '18.3.1' ],
40 silly audit   'react-hook-form': [ '7.65.0' ],
40 silly audit   'react-lifecycles-compat': [ '3.0.4' ],
40 silly audit   'react-modal': [ '3.16.3' ],
40 silly audit   'react-refresh': [ '0.14.2' ],
40 silly audit   'react-remove-scroll': [ '2.7.1' ],
40 silly audit   'react-remove-scroll-bar': [ '2.3.8' ],
40 silly audit   'react-style-singleton': [ '2.2.3' ],
40 silly audit   'read-cache': [ '1.0.0' ],
40 silly audit   'real-require': [ '0.1.0' ],
40 silly audit   'reflect.getprototypeof': [ '1.0.10' ],
40 silly audit   'regenerator-runtime': [ '0.13.11' ],
40 silly audit   'regexp.prototype.flags': [ '1.5.4' ],
40 silly audit   'require-addon': [ '1.1.0' ],
40 silly audit   'require-directory': [ '2.1.1' ],
40 silly audit   'require-main-filename': [ '2.0.0' ],
40 silly audit   'resolve-pkg-maps': [ '1.0.0' ],
40 silly audit   reusify: [ '1.1.0' ],
40 silly audit   rimraf: [ '3.0.2' ],
40 silly audit   ripemd160: [ '2.0.3' ],
40 silly audit   'ripple-address-codec': [ '5.0.0' ],
40 silly audit   'ripple-binary-codec': [ '2.5.1' ],
40 silly audit   'ripple-keypairs': [ '2.0.0' ],
40 silly audit   'rtcpeerconnection-shim': [ '1.2.15' ],
40 silly audit   'run-parallel': [ '1.2.0' ],
40 silly audit   'safe-array-concat': [ '1.1.3' ],
40 silly audit   'safe-push-apply': [ '1.0.0' ],
40 silly audit   'safe-regex-test': [ '1.1.0' ],
40 silly audit   'safe-stable-stringify': [ '2.5.0' ],
40 silly audit   'salmon-adapter-sdk': [ '1.1.1' ],
40 silly audit   sdp: [ '2.12.0' ],
40 silly audit   send: [ '0.19.0' ],
40 silly audit   'serialize-error': [ '2.1.0' ],
40 silly audit   'serve-static': [ '1.16.2' ],
40 silly audit   'set-blocking': [ '2.0.0' ],
40 silly audit   'set-function-length': [ '1.2.2' ],
40 silly audit   'set-function-name': [ '2.0.2' ],
40 silly audit   'set-proto': [ '1.0.0' ],
40 silly audit   setprototypeof: [ '1.2.0' ],
40 silly audit   'sha.js': [ '2.4.12' ],
40 silly audit   'shebang-command': [ '2.0.0' ],
40 silly audit   'shebang-regex': [ '3.0.0' ],
40 silly audit   'shell-quote': [ '1.8.3' ],
40 silly audit   'side-channel': [ '1.1.0' ],
40 silly audit   'side-channel-list': [ '1.0.0' ],
40 silly audit   'side-channel-map': [ '1.0.1' ],
40 silly audit   'side-channel-weakmap': [ '1.0.2' ],
40 silly audit   'signal-exit': [ '4.1.0', '3.0.7' ],
40 silly audit   'simple-swizzle': [ '0.2.4' ],
40 silly audit   slash: [ '3.0.0' ],
40 silly audit   'smart-buffer': [ '4.2.0' ],
40 silly audit   'snake-case': [ '3.0.4' ],
40 silly audit   'socket.io-client': [ '4.8.1' ],
40 silly audit   'socket.io-parser': [ '4.2.4' ],
40 silly audit   socks: [ '2.8.7' ],
40 silly audit   'socks-proxy-agent': [ '8.0.5' ],
40 silly audit   'sodium-native': [ '4.3.3' ],
40 silly audit   'sonic-boom': [ '2.8.0' ],
40 silly audit   'source-map': [ '0.5.7', '0.6.1' ],
40 silly audit   'source-map-js': [ '1.2.1' ],
40 silly audit   'source-map-support': [ '0.5.21' ],
40 silly audit   'split-on-first': [ '1.1.0' ],
40 silly audit   split2: [ '4.2.0' ],
40 silly audit   'sprintf-js': [ '1.0.3' ],
40 silly audit   'stable-hash': [ '0.0.5' ],
40 silly audit   'stack-utils': [ '2.0.6' ],
40 silly audit   stackframe: [ '1.3.4' ],
40 silly audit   'stacktrace-parser': [ '0.1.11' ],
40 silly audit   'type-fest': [ '0.7.1', '0.20.2' ],
40 silly audit   'stop-iteration-iterator': [ '1.1.0' ],
40 silly audit   'stream-browserify': [ '3.0.0' ],
40 silly audit   'stream-chain': [ '2.2.5' ],
40 silly audit   'stream-json': [ '1.9.1' ],
40 silly audit   'stream-shift': [ '1.0.3' ],
40 silly audit   streamsearch: [ '1.1.0' ],
40 silly audit   'strict-uri-encode': [ '2.0.0' ],
40 silly audit   'string.prototype.includes': [ '2.0.1' ],
40 silly audit   'string.prototype.matchall': [ '4.0.12' ],
40 silly audit   'string.prototype.repeat': [ '1.0.0' ],
40 silly audit   'string.prototype.trim': [ '1.2.10' ],
40 silly audit   'string.prototype.trimend': [ '1.0.9' ],
40 silly audit   'string.prototype.trimstart': [ '1.0.8' ],
40 silly audit   'strip-bom': [ '3.0.0' ],
40 silly audit   'strip-json-comments': [ '3.1.1' ],
40 silly audit   'styled-jsx': [ '5.1.1' ],
40 silly audit   sucrase: [ '3.35.0' ],
40 silly audit   'supports-preserve-symlinks-flag': [ '1.0.0' ],
40 silly audit   'tailwind-merge': [ '2.6.0' ],
40 silly audit   tailwindcss: [ '3.4.18' ],
40 silly audit   'tailwindcss-animate': [ '1.0.7' ],
40 silly audit   terser: [ '5.44.0' ],
40 silly audit   'test-exclude': [ '6.0.0' ],
40 silly audit   'text-encoding-utf-8': [ '1.0.2' ],
40 silly audit   'text-table': [ '0.2.0' ],
40 silly audit   thenify: [ '3.3.1' ],
40 silly audit   'thenify-all': [ '1.6.0' ],
40 silly audit   'thread-stream': [ '0.15.2' ],
40 silly audit   throat: [ '5.0.0' ],
40 silly audit   'tiny-secp256k1': [ '1.1.7' ],
40 silly audit   tinyglobby: [ '0.2.15' ],
40 silly audit   fdir: [ '6.5.0' ],
40 silly audit   tmpl: [ '1.0.5' ],
40 silly audit   'to-buffer': [ '1.2.2' ],
40 silly audit   'to-regex-range': [ '5.0.1' ],
40 silly audit   toidentifier: [ '1.0.1' ],
40 silly audit   toml: [ '3.0.0' ],
40 silly audit   tr46: [ '0.0.3' ],
40 silly audit   'ts-api-utils': [ '1.4.3' ],
40 silly audit   'ts-interface-checker': [ '0.1.13' ],
40 silly audit   'ts-log': [ '2.2.7' ],
40 silly audit   'ts-mixer': [ '6.0.4' ],
40 silly audit   'tsconfig-paths': [ '3.15.0' ],
40 silly audit   tweetnacl: [ '1.0.3' ],
40 silly audit   'type-check': [ '0.4.0' ],
40 silly audit   'type-detect': [ '4.0.8' ],
40 silly audit   'typed-array-buffer': [ '1.0.3' ],
40 silly audit   'typed-array-byte-length': [ '1.0.3' ],
40 silly audit   'typed-array-byte-offset': [ '1.0.4' ],
40 silly audit   'typed-array-length': [ '1.0.7' ],
40 silly audit   typeforce: [ '1.18.0' ],
40 silly audit   typescript: [ '5.9.3' ],
40 silly audit   'ua-is-frozen': [ '0.1.2' ],
40 silly audit   'ua-parser-js': [ '2.0.6' ],
40 silly audit   ufo: [ '1.6.1' ],
40 silly audit   'uint8array-tools': [ '0.0.8' ],
40 silly audit   uint8arrays: [ '3.1.0' ],
40 silly audit   'unbox-primitive': [ '1.1.0' ],
40 silly audit   uncrypto: [ '0.1.3' ],
40 silly audit   'undici-types': [ '7.16.0' ],
40 silly audit   unidragger: [ '3.0.1' ],
40 silly audit   unload: [ '2.4.1' ],
40 silly audit   unpipe: [ '1.0.0' ],
40 silly audit   'unrs-resolver': [ '1.11.1' ],
40 silly audit   'update-browserslist-db': [ '1.1.4' ],
40 silly audit   'uri-js': [ '4.4.1' ],
40 silly audit   urijs: [ '1.19.11' ],
40 silly audit   usb: [ '2.16.0' ],
40 silly audit   'use-callback-ref': [ '1.3.3' ],
40 silly audit   'use-sidecar': [ '1.1.3' ],
40 silly audit   'use-sync-external-store': [ '1.2.0' ],
40 silly audit   'utf-8-validate': [ '5.0.10' ],
40 silly audit   util: [ '0.12.5' ],
40 silly audit   'util-deprecate': [ '1.0.2' ],
40 silly audit   'utils-merge': [ '1.0.1' ],
40 silly audit   uuidv4: [ '6.2.13' ],
40 silly audit   valtio: [ '1.13.2' ],
40 silly audit   'varuint-bitcoin': [ '2.0.0' ],
40 silly audit   vlq: [ '1.0.1' ],
40 silly audit   walker: [ '1.0.8' ],
40 silly audit   warning: [ '4.0.3' ],
40 silly audit   'webidl-conversions': [ '3.0.1' ],
40 silly audit   'webrtc-adapter': [ '7.7.1' ],
40 silly audit   'whatwg-fetch': [ '3.6.20' ],
40 silly audit   'whatwg-url': [ '5.0.0' ],
40 silly audit   which: [ '2.0.2' ],
40 silly audit   'which-boxed-primitive': [ '1.1.1' ],
40 silly audit   'which-builtin-type': [ '1.2.1' ],
40 silly audit   'which-collection': [ '1.0.2' ],
40 silly audit   'which-module': [ '2.0.1' ],
40 silly audit   'which-typed-array': [ '1.1.19' ],
40 silly audit   wif: [ '5.0.0' ],
40 silly audit   'word-wrap': [ '1.2.5' ],
40 silly audit   wrappy: [ '1.0.2' ],
40 silly audit   'write-file-atomic': [ '4.0.2' ],
40 silly audit   'xmlhttprequest-ssl': [ '2.1.2' ],
40 silly audit   xrpl: [ '4.4.2' ],
40 silly audit   yallist: [ '3.1.1' ],
40 silly audit   yaml: [ '2.8.1' ],
40 silly audit   'yocto-queue': [ '0.1.0' ],
40 silly audit   '@solana/wallet-adapter-wallets': [ '0.19.37' ]
40 silly audit }
41 verbose reify failed optional dependency /Users/fahadghouri/Desktop/Developer/code/ourprojects/Solana_StableCoin_collosseum-dsc/frontend/node_modules/@unrs/resolver-binding-win32-x64-msvc
42 silly reify mark deleted [
42 silly reify   '/Users/fahadghouri/Desktop/Developer/code/ourprojects/Solana_StableCoin_collosseum-dsc/frontend/node_modules/@unrs/resolver-binding-win32-x64-msvc'
42 silly reify ]
43 verbose reify failed optional dependency /Users/fahadghouri/Desktop/Developer/code/ourprojects/Solana_StableCoin_collosseum-dsc/frontend/node_modules/@unrs/resolver-binding-win32-ia32-msvc
44 silly reify mark deleted [
44 silly reify   '/Users/fahadghouri/Desktop/Developer/code/ourprojects/Solana_StableCoin_collosseum-dsc/frontend/node_modules/@unrs/resolver-binding-win32-ia32-msvc'
44 silly reify ]
45 verbose reify failed optional dependency /Users/fahadghouri/Desktop/Developer/code/ourprojects/Solana_StableCoin_collosseum-dsc/frontend/node_modules/@unrs/resolver-binding-win32-arm64-msvc
46 silly reify mark deleted [
46 silly reify   '/Users/fahadghouri/Desktop/Developer/code/ourprojects/Solana_StableCoin_collosseum-dsc/frontend/node_modules/@unrs/resolver-binding-win32-arm64-msvc'
46 silly reify ]
47 verbose reify failed optional dependency /Users/fahadghouri/Desktop/Developer/code/ourprojects/Solana_StableCoin_collosseum-dsc/frontend/node_modules/@unrs/resolver-binding-wasm32-wasi
48 silly reify mark deleted [
48 silly reify   '/Users/fahadghouri/Desktop/Developer/code/ourprojects/Solana_StableCoin_collosseum-dsc/frontend/node_modules/@unrs/resolver-binding-wasm32-wasi'
48 silly reify ]
49 verbose reify failed optional dependency /Users/fahadghouri/Desktop/Developer/code/ourprojects/Solana_StableCoin_collosseum-dsc/frontend/node_modules/@napi-rs/wasm-runtime
50 silly reify mark deleted [
50 silly reify   '/Users/fahadghouri/Desktop/Developer/code/ourprojects/Solana_StableCoin_collosseum-dsc/frontend/node_modules/@napi-rs/wasm-runtime'
50 silly reify ]
51 verbose reify failed optional dependency /Users/fahadghouri/Desktop/Developer/code/ourprojects/Solana_StableCoin_collosseum-dsc/frontend/node_modules/@emnapi/core
52 silly reify mark deleted [
52 silly reify   '/Users/fahadghouri/Desktop/Developer/code/ourprojects/Solana_StableCoin_collosseum-dsc/frontend/node_modules/@emnapi/core'
52 silly reify ]
53 verbose reify failed optional dependency /Users/fahadghouri/Desktop/Developer/code/ourprojects/Solana_StableCoin_collosseum-dsc/frontend/node_modules/@emnapi/runtime
54 silly reify mark deleted [
54 silly reify   '/Users/fahadghouri/Desktop/Developer/code/ourprojects/Solana_StableCoin_collosseum-dsc/frontend/node_modules/@emnapi/runtime'
54 silly reify ]
55 verbose reify failed optional dependency /Users/fahadghouri/Desktop/Developer/code/ourprojects/Solana_StableCoin_collosseum-dsc/frontend/node_modules/@tybys/wasm-util
56 silly reify mark deleted [
56 silly reify   '/Users/fahadghouri/Desktop/Developer/code/ourprojects/Solana_StableCoin_collosseum-dsc/frontend/node_modules/@tybys/wasm-util'
56 silly reify ]
57 verbose reify failed optional dependency /Users/fahadghouri/Desktop/Developer/code/ourprojects/Solana_StableCoin_collosseum-dsc/frontend/node_modules/@emnapi/wasi-threads
58 silly reify mark deleted [
58 silly reify   '/Users/fahadghouri/Desktop/Developer/code/ourprojects/Solana_StableCoin_collosseum-dsc/frontend/node_modules/@emnapi/wasi-threads'
58 silly reify ]
59 verbose reify failed optional dependency /Users/fahadghouri/Desktop/Developer/code/ourprojects/Solana_StableCoin_collosseum-dsc/frontend/node_modules/@unrs/resolver-binding-linux-x64-musl
60 silly reify mark deleted [
60 silly reify   '/Users/fahadghouri/Desktop/Developer/code/ourprojects/Solana_StableCoin_collosseum-dsc/frontend/node_modules/@unrs/resolver-binding-linux-x64-musl'
60 silly reify ]
61 verbose reify failed optional dependency /Users/fahadghouri/Desktop/Developer/code/ourprojects/Solana_StableCoin_collosseum-dsc/frontend/node_modules/@unrs/resolver-binding-linux-x64-gnu
62 silly reify mark deleted [
62 silly reify   '/Users/fahadghouri/Desktop/Developer/code/ourprojects/Solana_StableCoin_collosseum-dsc/frontend/node_modules/@unrs/resolver-binding-linux-x64-gnu'
62 silly reify ]
63 verbose reify failed optional dependency /Users/fahadghouri/Desktop/Developer/code/ourprojects/Solana_StableCoin_collosseum-dsc/frontend/node_modules/@unrs/resolver-binding-linux-s390x-gnu
64 silly reify mark deleted [
64 silly reify   '/Users/fahadghouri/Desktop/Developer/code/ourprojects/Solana_StableCoin_collosseum-dsc/frontend/node_modules/@unrs/resolver-binding-linux-s390x-gnu'
64 silly reify ]
65 verbose reify failed optional dependency /Users/fahadghouri/Desktop/Developer/code/ourprojects/Solana_StableCoin_collosseum-dsc/frontend/node_modules/@unrs/resolver-binding-linux-riscv64-musl
66 silly reify mark deleted [
66 silly reify   '/Users/fahadghouri/Desktop/Developer/code/ourprojects/Solana_StableCoin_collosseum-dsc/frontend/node_modules/@unrs/resolver-binding-linux-riscv64-musl'
66 silly reify ]
67 verbose reify failed optional dependency /Users/fahadghouri/Desktop/Developer/code/ourprojects/Solana_StableCoin_collosseum-dsc/frontend/node_modules/@unrs/resolver-binding-linux-riscv64-gnu
68 silly reify mark deleted [
68 silly reify   '/Users/fahadghouri/Desktop/Developer/code/ourprojects/Solana_StableCoin_collosseum-dsc/frontend/node_modules/@unrs/resolver-binding-linux-riscv64-gnu'
68 silly reify ]
69 verbose reify failed optional dependency /Users/fahadghouri/Desktop/Developer/code/ourprojects/Solana_StableCoin_collosseum-dsc/frontend/node_modules/@unrs/resolver-binding-linux-ppc64-gnu
70 silly reify mark deleted [
70 silly reify   '/Users/fahadghouri/Desktop/Developer/code/ourprojects/Solana_StableCoin_collosseum-dsc/frontend/node_modules/@unrs/resolver-binding-linux-ppc64-gnu'
70 silly reify ]
71 verbose reify failed optional dependency /Users/fahadghouri/Desktop/Developer/code/ourprojects/Solana_StableCoin_collosseum-dsc/frontend/node_modules/@unrs/resolver-binding-linux-arm64-musl
72 silly reify mark deleted [
72 silly reify   '/Users/fahadghouri/Desktop/Developer/code/ourprojects/Solana_StableCoin_collosseum-dsc/frontend/node_modules/@unrs/resolver-binding-linux-arm64-musl'
72 silly reify ]
73 verbose reify failed optional dependency /Users/fahadghouri/Desktop/Developer/code/ourprojects/Solana_StableCoin_collosseum-dsc/frontend/node_modules/@unrs/resolver-binding-linux-arm64-gnu
74 silly reify mark deleted [
74 silly reify   '/Users/fahadghouri/Desktop/Developer/code/ourprojects/Solana_StableCoin_collosseum-dsc/frontend/node_modules/@unrs/resolver-binding-linux-arm64-gnu'
74 silly reify ]
75 verbose reify failed optional dependency /Users/fahadghouri/Desktop/Developer/code/ourprojects/Solana_StableCoin_collosseum-dsc/frontend/node_modules/@unrs/resolver-binding-linux-arm-musleabihf
76 silly reify mark deleted [
76 silly reify   '/Users/fahadghouri/Desktop/Developer/code/ourprojects/Solana_StableCoin_collosseum-dsc/frontend/node_modules/@unrs/resolver-binding-linux-arm-musleabihf'
76 silly reify ]
77 verbose reify failed optional dependency /Users/fahadghouri/Desktop/Developer/code/ourprojects/Solana_StableCoin_collosseum-dsc/frontend/node_modules/@unrs/resolver-binding-linux-arm-gnueabihf
78 silly reify mark deleted [
78 silly reify   '/Users/fahadghouri/Desktop/Developer/code/ourprojects/Solana_StableCoin_collosseum-dsc/frontend/node_modules/@unrs/resolver-binding-linux-arm-gnueabihf'
78 silly reify ]
79 verbose reify failed optional dependency /Users/fahadghouri/Desktop/Developer/code/ourprojects/Solana_StableCoin_collosseum-dsc/frontend/node_modules/@unrs/resolver-binding-freebsd-x64
80 silly reify mark deleted [
80 silly reify   '/Users/fahadghouri/Desktop/Developer/code/ourprojects/Solana_StableCoin_collosseum-dsc/frontend/node_modules/@unrs/resolver-binding-freebsd-x64'
80 silly reify ]
81 verbose reify failed optional dependency /Users/fahadghouri/Desktop/Developer/code/ourprojects/Solana_StableCoin_collosseum-dsc/frontend/node_modules/@unrs/resolver-binding-darwin-x64
82 silly reify mark deleted [
82 silly reify   '/Users/fahadghouri/Desktop/Developer/code/ourprojects/Solana_StableCoin_collosseum-dsc/frontend/node_modules/@unrs/resolver-binding-darwin-x64'
82 silly reify ]
83 verbose reify failed optional dependency /Users/fahadghouri/Desktop/Developer/code/ourprojects/Solana_StableCoin_collosseum-dsc/frontend/node_modules/@unrs/resolver-binding-android-arm64
84 silly reify mark deleted [
84 silly reify   '/Users/fahadghouri/Desktop/Developer/code/ourprojects/Solana_StableCoin_collosseum-dsc/frontend/node_modules/@unrs/resolver-binding-android-arm64'
84 silly reify ]
85 verbose reify failed optional dependency /Users/fahadghouri/Desktop/Developer/code/ourprojects/Solana_StableCoin_collosseum-dsc/frontend/node_modules/@unrs/resolver-binding-android-arm-eabi
86 silly reify mark deleted [
86 silly reify   '/Users/fahadghouri/Desktop/Developer/code/ourprojects/Solana_StableCoin_collosseum-dsc/frontend/node_modules/@unrs/resolver-binding-android-arm-eabi'
86 silly reify ]
87 verbose reify failed optional dependency /Users/fahadghouri/Desktop/Developer/code/ourprojects/Solana_StableCoin_collosseum-dsc/frontend/node_modules/@next/swc-win32-x64-msvc
88 silly reify mark deleted [
88 silly reify   '/Users/fahadghouri/Desktop/Developer/code/ourprojects/Solana_StableCoin_collosseum-dsc/frontend/node_modules/@next/swc-win32-x64-msvc'
88 silly reify ]
89 verbose reify failed optional dependency /Users/fahadghouri/Desktop/Developer/code/ourprojects/Solana_StableCoin_collosseum-dsc/frontend/node_modules/@next/swc-win32-ia32-msvc
90 silly reify mark deleted [
90 silly reify   '/Users/fahadghouri/Desktop/Developer/code/ourprojects/Solana_StableCoin_collosseum-dsc/frontend/node_modules/@next/swc-win32-ia32-msvc'
90 silly reify ]
91 verbose reify failed optional dependency /Users/fahadghouri/Desktop/Developer/code/ourprojects/Solana_StableCoin_collosseum-dsc/frontend/node_modules/@next/swc-win32-arm64-msvc
92 silly reify mark deleted [
92 silly reify   '/Users/fahadghouri/Desktop/Developer/code/ourprojects/Solana_StableCoin_collosseum-dsc/frontend/node_modules/@next/swc-win32-arm64-msvc'
92 silly reify ]
93 verbose reify failed optional dependency /Users/fahadghouri/Desktop/Developer/code/ourprojects/Solana_StableCoin_collosseum-dsc/frontend/node_modules/@next/swc-linux-x64-musl
94 silly reify mark deleted [
94 silly reify   '/Users/fahadghouri/Desktop/Developer/code/ourprojects/Solana_StableCoin_collosseum-dsc/frontend/node_modules/@next/swc-linux-x64-musl'
94 silly reify ]
95 verbose reify failed optional dependency /Users/fahadghouri/Desktop/Developer/code/ourprojects/Solana_StableCoin_collosseum-dsc/frontend/node_modules/@next/swc-linux-x64-gnu
96 silly reify mark deleted [
96 silly reify   '/Users/fahadghouri/Desktop/Developer/code/ourprojects/Solana_StableCoin_collosseum-dsc/frontend/node_modules/@next/swc-linux-x64-gnu'
96 silly reify ]
97 verbose reify failed optional dependency /Users/fahadghouri/Desktop/Developer/code/ourprojects/Solana_StableCoin_collosseum-dsc/frontend/node_modules/@next/swc-linux-arm64-musl
98 silly reify mark deleted [
98 silly reify   '/Users/fahadghouri/Desktop/Developer/code/ourprojects/Solana_StableCoin_collosseum-dsc/frontend/node_modules/@next/swc-linux-arm64-musl'
98 silly reify ]
99 verbose reify failed optional dependency /Users/fahadghouri/Desktop/Developer/code/ourprojects/Solana_StableCoin_collosseum-dsc/frontend/node_modules/@next/swc-linux-arm64-gnu
100 silly reify mark deleted [
100 silly reify   '/Users/fahadghouri/Desktop/Developer/code/ourprojects/Solana_StableCoin_collosseum-dsc/frontend/node_modules/@next/swc-linux-arm64-gnu'
100 silly reify ]
101 verbose reify failed optional dependency /Users/fahadghouri/Desktop/Developer/code/ourprojects/Solana_StableCoin_collosseum-dsc/frontend/node_modules/@next/swc-darwin-x64
102 silly reify mark deleted [
102 silly reify   '/Users/fahadghouri/Desktop/Developer/code/ourprojects/Solana_StableCoin_collosseum-dsc/frontend/node_modules/@next/swc-darwin-x64'
102 silly reify ]
103 silly tarball no local data for @tybys/wasm-util@https://registry.npmjs.org/@tybys/wasm-util/-/wasm-util-0.10.1.tgz. Extracting by manifest.
104 silly tarball no local data for @emnapi/wasi-threads@https://registry.npmjs.org/@emnapi/wasi-threads/-/wasi-threads-1.1.0.tgz. Extracting by manifest.
105 silly tarball no local data for @emnapi/core@https://registry.npmjs.org/@emnapi/core/-/core-1.6.0.tgz. Extracting by manifest.
106 silly tarball no local data for @emnapi/runtime@https://registry.npmjs.org/@emnapi/runtime/-/runtime-1.6.0.tgz. Extracting by manifest.
107 silly tarball no local data for @napi-rs/wasm-runtime@https://registry.npmjs.org/@napi-rs/wasm-runtime/-/wasm-runtime-0.2.12.tgz. Extracting by manifest.
108 http fetch GET 200 https://registry.npmjs.org/@tybys/wasm-util/-/wasm-util-0.10.1.tgz 181ms (cache miss)
109 http fetch POST 200 https://registry.npmjs.org/-/npm/v1/security/advisories/bulk 333ms
110 silly audit report {
110 silly audit report   'bigint-buffer': [
110 silly audit report     {
110 silly audit report       id: 1103747,
110 silly audit report       url: 'https://github.com/advisories/GHSA-3gc7-fjrx-p6mg',
110 silly audit report       title: 'bigint-buffer Vulnerable to Buffer Overflow via toBigIntLE() Function',
110 silly audit report       severity: 'high',
110 silly audit report       vulnerable_versions: '<=1.1.5',
110 silly audit report       cwe: [Array],
110 silly audit report       cvss: [Object]
110 silly audit report     }
110 silly audit report   ],
110 silly audit report   'fast-redact': [
110 silly audit report     {
110 silly audit report       id: 1108265,
110 silly audit report       url: 'https://github.com/advisories/GHSA-ffrw-9mx8-89p8',
110 silly audit report       title: 'fast-redact vulnerable to prototype pollution',
110 silly audit report       severity: 'low',
110 silly audit report       vulnerable_versions: '<=3.5.0',
110 silly audit report       cwe: [Array],
110 silly audit report       cvss: [Object]
110 silly audit report     }
110 silly audit report   ],
110 silly audit report   next: [
110 silly audit report     {
110 silly audit report       id: 1099638,
110 silly audit report       url: 'https://github.com/advisories/GHSA-gp8f-8m3g-qvj9',
110 silly audit report       title: 'Next.js Cache Poisoning',
110 silly audit report       severity: 'high',
110 silly audit report       vulnerable_versions: '>=14.0.0 <14.2.10',
110 silly audit report       cwe: [Array],
110 silly audit report       cvss: [Object]
110 silly audit report     },
110 silly audit report     {
110 silly audit report       id: 1100421,
110 silly audit report       url: 'https://github.com/advisories/GHSA-g77x-44xx-532m',
110 silly audit report       title: 'Denial of Service condition in Next.js image optimization',
110 silly audit report       severity: 'moderate',
110 silly audit report       vulnerable_versions: '>=10.0.0 <14.2.7',
110 silly audit report       cwe: [Array],
110 silly audit report       cvss: [Object]
110 silly audit report     },
110 silly audit report     {
110 silly audit report       id: 1101438,
110 silly audit report       url: 'https://github.com/advisories/GHSA-7m27-7ghc-44w9',
110 silly audit report       title: 'Next.js Allows a Denial of Service (DoS) with Server Actions',
110 silly audit report       severity: 'moderate',
110 silly audit report       vulnerable_versions: '>=14.0.0 <14.2.21',
110 silly audit report       cwe: [Array],
110 silly audit report       cvss: [Object]
110 silly audit report     },
110 silly audit report     {
110 silly audit report       id: 1105461,
110 silly audit report       url: 'https://github.com/advisories/GHSA-3h52-269p-cp9r',
110 silly audit report       title: 'Information exposure in Next.js dev server due to lack of origin verification',
110 silly audit report       severity: 'low',
110 silly audit report       vulnerable_versions: '>=13.0 <14.2.30',
110 silly audit report       cwe: [Array],
110 silly audit report       cvss: [Object]
110 silly audit report     },
110 silly audit report     {
110 silly audit report       id: 1107226,
110 silly audit report       url: 'https://github.com/advisories/GHSA-g5qg-72qw-gw5v',
110 silly audit report       title: 'Next.js Affected by Cache Key Confusion for Image Optimization API Routes',
110 silly audit report       severity: 'moderate',
110 silly audit report       vulnerable_versions: '>=0.9.9 <14.2.31',
110 silly audit report       cwe: [Array],
110 silly audit report       cvss: [Object]
110 silly audit report     },
110 silly audit report     {
110 silly audit report       id: 1107420,
110 silly audit report       url: 'https://github.com/advisories/GHSA-7gfc-8cq8-jh5f',
110 silly audit report       title: 'Next.js authorization bypass vulnerability',
110 silly audit report       severity: 'high',
110 silly audit report       vulnerable_versions: '>=9.5.5 <14.2.15',
110 silly audit report       cwe: [Array],
110 silly audit report       cvss: [Object]
110 silly audit report     },
110 silly audit report     {
110 silly audit report       id: 1107512,
110 silly audit report       url: 'https://github.com/advisories/GHSA-4342-x723-ch2f',
110 silly audit report       title: 'Next.js Improper Middleware Redirect Handling Leads to SSRF',
110 silly audit report       severity: 'moderate',
110 silly audit report       vulnerable_versions: '>=0.9.9 <14.2.32',
110 silly audit report       cwe: [Array],
110 silly audit report       cvss: [Object]
110 silly audit report     },
110 silly audit report     {
110 silly audit report       id: 1107513,
110 silly audit report       url: 'https://github.com/advisories/GHSA-xv57-4mr9-wg8v',
110 silly audit report       title: 'Next.js Content Injection Vulnerability for Image Optimization',
110 silly audit report       severity: 'moderate',
110 silly audit report       vulnerable_versions: '>=0.9.9 <14.2.31',
110 silly audit report       cwe: [Array],
110 silly audit report       cvss: [Object]
110 silly audit report     },
110 silly audit report     {
110 silly audit report       id: 1108291,
110 silly audit report       url: 'https://github.com/advisories/GHSA-qpjv-v59x-3qc4',
110 silly audit report       title: 'Next.js Race Condition to Cache Poisoning',
110 silly audit report       severity: 'low',
110 silly audit report       vulnerable_versions: '>=0.9.9 <14.2.24',
110 silly audit report       cwe: [Array],
110 silly audit report       cvss: [Object]
110 silly audit report     },
110 silly audit report     {
110 silly audit report       id: 1108953,
110 silly audit report       url: 'https://github.com/advisories/GHSA-f82v-jwr5-mffw',
110 silly audit report       title: 'Authorization Bypass in Next.js Middleware',
110 silly audit report       severity: 'critical',
110 silly audit report       vulnerable_versions: '>=14.0.0 <14.2.25',
110 silly audit report       cwe: [Array],
110 silly audit report       cvss: [Object]
110 silly audit report     },
110 silly audit report     {
110 silly audit report       id: 1097295,
110 silly audit report       url: 'https://github.com/advisories/GHSA-fr5h-rqp8-mj6g',
110 silly audit report       title: 'Next.js Server-Side Request Forgery in Server Actions',
110 silly audit report       severity: 'high',
110 silly audit report       vulnerable_versions: '>=13.4.0 <14.1.1',
110 silly audit report       cwe: [Array],
110 silly audit report       cvss: [Object]
110 silly audit report     }
110 silly audit report   ]
110 silly audit report }
111 silly packumentCache corgi:https://registry.npmjs.org/bigint-buffer cache-miss
112 silly packumentCache corgi:https://registry.npmjs.org/fast-redact cache-miss
113 silly packumentCache corgi:https://registry.npmjs.org/next cache-miss
114 http fetch GET 200 https://registry.npmjs.org/@emnapi/runtime/-/runtime-1.6.0.tgz 437ms (cache miss)
115 http fetch GET 200 https://registry.npmjs.org/@emnapi/wasi-threads/-/wasi-threads-1.1.0.tgz 445ms (cache miss)
116 http fetch GET 200 https://registry.npmjs.org/fast-redact 173ms (cache miss)
117 silly packumentCache corgi:https://registry.npmjs.org/fast-redact set size:undefined disposed:false
118 http fetch GET 200 https://registry.npmjs.org/@emnapi/core/-/core-1.6.0.tgz 583ms (cache miss)
119 http fetch GET 200 https://registry.npmjs.org/bigint-buffer 783ms (cache miss)
120 silly packumentCache corgi:https://registry.npmjs.org/bigint-buffer set size:undefined disposed:false
121 http fetch GET 200 https://registry.npmjs.org/@napi-rs/wasm-runtime/-/wasm-runtime-0.2.12.tgz 1191ms (cache miss)
122 http fetch GET 200 https://registry.npmjs.org/next 1714ms (cache miss)
123 silly packumentCache corgi:https://registry.npmjs.org/next set size:undefined disposed:false
124 silly packumentCache corgi:https://registry.npmjs.org/@solana%2fweb3.js cache-miss
125 http fetch GET 200 https://registry.npmjs.org/@solana%2fweb3.js 1040ms (cache miss)
126 silly packumentCache corgi:https://registry.npmjs.org/@solana%2fweb3.js set size:undefined disposed:false
127 silly packumentCache corgi:https://registry.npmjs.org/pino cache-miss
128 http fetch GET 200 https://registry.npmjs.org/pino 219ms (cache miss)
129 silly packumentCache corgi:https://registry.npmjs.org/pino set size:undefined disposed:false
130 silly packumentCache corgi:https://registry.npmjs.org/next-themes cache-miss
131 http fetch GET 200 https://registry.npmjs.org/next-themes 153ms (cache miss)
132 silly packumentCache corgi:https://registry.npmjs.org/next-themes set size:undefined disposed:false
133 silly packumentCache corgi:https://registry.npmjs.org/jito-ts cache-miss
134 http fetch GET 200 https://registry.npmjs.org/jito-ts 124ms (cache miss)
135 silly packumentCache corgi:https://registry.npmjs.org/jito-ts set size:undefined disposed:false
136 silly packumentCache corgi:https://registry.npmjs.org/@walletconnect%2flogger cache-miss
137 http fetch GET 200 https://registry.npmjs.org/@walletconnect%2flogger 145ms (cache miss)
138 silly packumentCache corgi:https://registry.npmjs.org/@walletconnect%2flogger set size:undefined disposed:false
139 silly packumentCache corgi:https://registry.npmjs.org/@pythnetwork%2fsolana-utils cache-miss
140 http fetch GET 200 https://registry.npmjs.org/@pythnetwork%2fsolana-utils 310ms (cache miss)
141 silly packumentCache corgi:https://registry.npmjs.org/@pythnetwork%2fsolana-utils set size:undefined disposed:false
142 silly packumentCache corgi:https://registry.npmjs.org/@walletconnect%2fcore cache-miss
143 silly packumentCache corgi:https://registry.npmjs.org/@walletconnect%2fsign-client cache-miss
144 silly packumentCache corgi:https://registry.npmjs.org/@walletconnect%2funiversal-provider cache-miss
145 silly packumentCache corgi:https://registry.npmjs.org/@reown%2fappkit-utils cache-miss
146 silly packumentCache corgi:https://registry.npmjs.org/@reown%2fappkit-wallet cache-miss
147 silly packumentCache corgi:https://registry.npmjs.org/@walletconnect%2ftypes cache-miss
148 http fetch GET 200 https://registry.npmjs.org/@walletconnect%2fsign-client 229ms (cache miss)
149 silly packumentCache corgi:https://registry.npmjs.org/@walletconnect%2fsign-client set size:undefined disposed:false
150 http fetch GET 200 https://registry.npmjs.org/@walletconnect%2ftypes 343ms (cache miss)
151 silly packumentCache corgi:https://registry.npmjs.org/@walletconnect%2ftypes set size:undefined disposed:false
152 http fetch GET 200 https://registry.npmjs.org/@walletconnect%2fcore 411ms (cache miss)
153 silly packumentCache corgi:https://registry.npmjs.org/@walletconnect%2fcore set size:undefined disposed:false
154 http fetch GET 200 https://registry.npmjs.org/@reown%2fappkit-wallet 517ms (cache miss)
155 silly packumentCache corgi:https://registry.npmjs.org/@reown%2fappkit-wallet set size:undefined disposed:false
156 http fetch GET 200 https://registry.npmjs.org/@walletconnect%2funiversal-provider 566ms (cache miss)
157 silly packumentCache corgi:https://registry.npmjs.org/@walletconnect%2funiversal-provider set size:undefined disposed:false
158 http fetch GET 200 https://registry.npmjs.org/@reown%2fappkit-utils 595ms (cache miss)
159 silly packumentCache corgi:https://registry.npmjs.org/@reown%2fappkit-utils set size:undefined disposed:false
160 silly packumentCache corgi:https://registry.npmjs.org/@pythnetwork%2fpyth-solana-receiver cache-miss
161 http fetch GET 200 https://registry.npmjs.org/@pythnetwork%2fpyth-solana-receiver 392ms (cache miss)
162 silly packumentCache corgi:https://registry.npmjs.org/@pythnetwork%2fpyth-solana-receiver set size:undefined disposed:false
163 silly packumentCache corgi:https://registry.npmjs.org/@reown%2fappkit cache-miss
164 silly packumentCache corgi:https://registry.npmjs.org/@walletconnect%2futils cache-miss
165 http fetch GET 200 https://registry.npmjs.org/@walletconnect%2futils 356ms (cache miss)
166 silly packumentCache corgi:https://registry.npmjs.org/@walletconnect%2futils set size:undefined disposed:false
167 http fetch GET 200 https://registry.npmjs.org/@reown%2fappkit 496ms (cache miss)
168 silly packumentCache corgi:https://registry.npmjs.org/@reown%2fappkit set size:undefined disposed:false
169 silly packumentCache corgi:https://registry.npmjs.org/@reown%2fappkit-controllers cache-miss
170 silly packumentCache corgi:https://registry.npmjs.org/@reown%2fappkit-scaffold-ui cache-miss
171 silly packumentCache corgi:https://registry.npmjs.org/@reown%2fappkit-ui cache-miss
172 http fetch GET 200 https://registry.npmjs.org/@reown%2fappkit-controllers 463ms (cache miss)
173 silly packumentCache corgi:https://registry.npmjs.org/@reown%2fappkit-controllers set size:undefined disposed:false
174 http fetch GET 200 https://registry.npmjs.org/@reown%2fappkit-ui 497ms (cache miss)
175 silly packumentCache corgi:https://registry.npmjs.org/@reown%2fappkit-ui set size:undefined disposed:false
176 http fetch GET 200 https://registry.npmjs.org/@reown%2fappkit-scaffold-ui 891ms (cache miss)
177 silly packumentCache corgi:https://registry.npmjs.org/@reown%2fappkit-scaffold-ui set size:undefined disposed:false
178 silly packumentCache corgi:https://registry.npmjs.org/@walletconnect%2fsolana-adapter cache-miss
179 http fetch GET 200 https://registry.npmjs.org/@walletconnect%2fsolana-adapter 356ms (cache miss)
180 silly packumentCache corgi:https://registry.npmjs.org/@walletconnect%2fsolana-adapter set size:undefined disposed:false
181 silly packumentCache corgi:https://registry.npmjs.org/@solana%2fwallet-adapter-walletconnect cache-miss
182 http fetch GET 200 https://registry.npmjs.org/@solana%2fwallet-adapter-walletconnect 349ms (cache miss)
183 silly packumentCache corgi:https://registry.npmjs.org/@solana%2fwallet-adapter-walletconnect set size:undefined disposed:false
184 silly packumentCache corgi:https://registry.npmjs.org/@solana%2fwallet-adapter-wallets cache-miss
185 http fetch GET 200 https://registry.npmjs.org/@solana%2fwallet-adapter-wallets 148ms (cache miss)
186 silly packumentCache corgi:https://registry.npmjs.org/@solana%2fwallet-adapter-wallets set size:undefined disposed:false
187 silly ADD
188 silly ADD
189 silly ADD
190 silly ADD
191 silly ADD
192 silly ADD
193 silly ADD
194 silly ADD
195 silly ADD
196 silly ADD
197 silly ADD
198 silly ADD
199 silly ADD
200 silly ADD
201 silly ADD
202 silly ADD
203 silly ADD
204 silly ADD
205 silly ADD
206 silly ADD
207 silly ADD
208 silly ADD
209 silly ADD
210 silly ADD
211 silly ADD
212 silly ADD
213 silly ADD
214 silly ADD
215 silly ADD
216 silly ADD
217 silly ADD
218 verbose cwd /Users/fahadghouri/Desktop/Developer/code/ourprojects/Solana_StableCoin_collosseum-dsc/frontend
219 verbose os Darwin 24.5.0
220 verbose node v22.11.0
221 verbose npm  v10.9.0
222 notice
222 notice New major version of npm available! 10.9.0 -> 11.6.2
222 notice Changelog: https://github.com/npm/cli/releases/tag/v11.6.2
222 notice To update run: npm install -g npm@11.6.2
222 notice  { force: true, [Symbol(proc-log.meta)]: true }
223 verbose exit 0
224 info ok
